
PEI PCD DB

Available SKUs: 0x0
_____

LocalTokenNumberTable:

1:
Token type = Data
Datum type = UINT8 (Bool)
DynamicEx Token = 0x01100000
DynamicEx GUID  = a1aff049-fdeb-442a-b32013ab4cb72bbc [gEfiMdeModulePkgTokenSpaceGuid]
0 - unitialized

2:
Token type = Data
Datum type = UINT64
DynamicEx Token = 0x40000008
DynamicEx GUID  = a1aff049-fdeb-442a-b32013ab4cb72bbc [gEfiMdeModulePkgTokenSpaceGuid]
0 - unitialized

3:
Token type = Data
Datum type = UINT64
DynamicEx Token = 0x00030007
DynamicEx GUID  = a1aff049-fdeb-442a-b32013ab4cb72bbc [gEfiMdeModulePkgTokenSpaceGuid]
0 - unitialized

4:
Token type = Data
Datum type = UINT64
DynamicEx Token = 0x00030008
DynamicEx GUID  = a1aff049-fdeb-442a-b32013ab4cb72bbc [gEfiMdeModulePkgTokenSpaceGuid]
0 - unitialized

5:
Token type = String
Datum type = Pointer
DynamicEx Token = 0x00030005
DynamicEx GUID  = a1aff049-fdeb-442a-b32013ab4cb72bbc [gEfiMdeModulePkgTokenSpaceGuid]
CurrentSize = 1
MaxSize     = 1
Value:
00                                               | .

6:
Token type = Data
Datum type = UINT64
DynamicEx Token = 0x30001047
DynamicEx GUID  = a1aff049-fdeb-442a-b32013ab4cb72bbc [gEfiMdeModulePkgTokenSpaceGuid]
0 - unitialized

7:
Token type = Data
Datum type = UINT16
DynamicEx Token = 0x00030004
DynamicEx GUID  = a1aff049-fdeb-442a-b32013ab4cb72bbc [gEfiMdeModulePkgTokenSpaceGuid]
0 - unitialized

8:
Token type = Data
Datum type = UINT8 (Bool)
DynamicEx Token = 0x0001006f
DynamicEx GUID  = a1aff049-fdeb-442a-b32013ab4cb72bbc [gEfiMdeModulePkgTokenSpaceGuid]
0 - unitialized

9:
Token type = Data
Datum type = UINT64
DynamicEx Token = 0x10000025
DynamicEx GUID  = a1aff049-fdeb-442a-b32013ab4cb72bbc [gEfiMdeModulePkgTokenSpaceGuid]
0 - unitialized

10:
Token type = Data
Datum type = UINT64
DynamicEx Token = 0x00030006
DynamicEx GUID  = a1aff049-fdeb-442a-b32013ab4cb72bbc [gEfiMdeModulePkgTokenSpaceGuid]
0 - unitialized

11:
Token type = Data
Datum type = UINT64
DynamicEx Token = 0x0000002e
DynamicEx GUID  = 914aebe7-4635-459b-aa1c11e219b03a10 [gEfiMdePkgTokenSpaceGuid]
0 - unitialized

12:
Token type = Data
Datum type = UINT32
DynamicEx Token = 0x00000001
DynamicEx GUID  = 0d3fb176-9569-4d51-a3ef7d61c64feaba [gEfiSecurityPkgTokenSpaceGuid]
0 - unitialized

13:
Token type = Data
Datum type = UINT32
DynamicEx Token = 0x00000008
DynamicEx GUID  = ac05bf33-995a-4ed4-aab8ef7ae80f5cb0 [gUefiCpuPkgTokenSpaceGuid]
0 - unitialized

14:
Token type = Data
Datum type = UINT32
DynamicEx Token = 0x00000002
DynamicEx GUID  = ac05bf33-995a-4ed4-aab8ef7ae80f5cb0 [gUefiCpuPkgTokenSpaceGuid]
Value:
0x00000040 (=64)

15:
Token type = Data
Datum type = UINT64
DynamicEx Token = 0x60000018
DynamicEx GUID  = ac05bf33-995a-4ed4-aab8ef7ae80f5cb0 [gUefiCpuPkgTokenSpaceGuid]
0 - unitialized

16:
Token type = Data
Datum type = UINT8 (Bool)
DynamicEx Token = 0x60000016
DynamicEx GUID  = ac05bf33-995a-4ed4-aab8ef7ae80f5cb0 [gUefiCpuPkgTokenSpaceGuid]
0 - unitialized

17:
Token type = Data
Datum type = UINT16
DynamicEx Token = 0x0000001b
DynamicEx GUID  = 93bb96af-b9f2-4eb8-9462e0ba74564236 [gUefiOvmfPkgTokenSpaceGuid]
0 - unitialized

18:
Token type = Data
Datum type = UINT64
DynamicEx Token = 0x00000022
DynamicEx GUID  = 93bb96af-b9f2-4eb8-9462e0ba74564236 [gUefiOvmfPkgTokenSpaceGuid]
0 - unitialized

19:
Token type = Data
Datum type = UINT64
DynamicEx Token = 0x00000023
DynamicEx GUID  = 93bb96af-b9f2-4eb8-9462e0ba74564236 [gUefiOvmfPkgTokenSpaceGuid]
0 - unitialized

20:
Token type = Data
Datum type = UINT64
DynamicEx Token = 0x00000024
DynamicEx GUID  = 93bb96af-b9f2-4eb8-9462e0ba74564236 [gUefiOvmfPkgTokenSpaceGuid]
0 - unitialized

21:
Token type = Data
Datum type = UINT64
DynamicEx Token = 0x00000025
DynamicEx GUID  = 93bb96af-b9f2-4eb8-9462e0ba74564236 [gUefiOvmfPkgTokenSpaceGuid]
0 - unitialized

22:
Token type = Data
Datum type = UINT64
DynamicEx Token = 0x00000026
DynamicEx GUID  = 93bb96af-b9f2-4eb8-9462e0ba74564236 [gUefiOvmfPkgTokenSpaceGuid]
0 - unitialized

23:
Token type = Data
Datum type = UINT64
DynamicEx Token = 0x00000027
DynamicEx GUID  = 93bb96af-b9f2-4eb8-9462e0ba74564236 [gUefiOvmfPkgTokenSpaceGuid]
Value:
0x0000000800000000 (=34359738368)

24:
Token type = Data
Datum type = UINT8 (Bool)
DynamicEx Token = 0x00000034
DynamicEx GUID  = 93bb96af-b9f2-4eb8-9462e0ba74564236 [gUefiOvmfPkgTokenSpaceGuid]
0 - unitialized

25:
Token type = Data
Datum type = UINT16
DynamicEx Token = 0x00000020
DynamicEx GUID  = 93bb96af-b9f2-4eb8-9462e0ba74564236 [gUefiOvmfPkgTokenSpaceGuid]
Value:
0x0008 (=8)
_____

DXE PCD DB

Available SKUs: 0x0
_____

LocalTokenNumberTable:

26:
Token type = Data
Datum type = UINT32
DynamicEx Token = 0x40000007
DynamicEx GUID  = a1aff049-fdeb-442a-b32013ab4cb72bbc [gEfiMdeModulePkgTokenSpaceGuid]
0 - unitialized

27:
Token type = Data
Datum type = UINT32
DynamicEx Token = 0x40000006
DynamicEx GUID  = a1aff049-fdeb-442a-b32013ab4cb72bbc [gEfiMdeModulePkgTokenSpaceGuid]
0 - unitialized

28:
Token type = Data
Datum type = UINT32
DynamicEx Token = 0x30000013
DynamicEx GUID  = a1aff049-fdeb-442a-b32013ab4cb72bbc [gEfiMdeModulePkgTokenSpaceGuid]
0 - unitialized

29:
Token type = Data
Datum type = UINT64
DynamicEx Token = 0x80000013
DynamicEx GUID  = a1aff049-fdeb-442a-b32013ab4cb72bbc [gEfiMdeModulePkgTokenSpaceGuid]
0 - unitialized

30:
Token type = Data
Datum type = UINT32
DynamicEx Token = 0x30000010
DynamicEx GUID  = a1aff049-fdeb-442a-b32013ab4cb72bbc [gEfiMdeModulePkgTokenSpaceGuid]
0 - unitialized

31:
Token type = Data
Datum type = UINT64
DynamicEx Token = 0x80000010
DynamicEx GUID  = a1aff049-fdeb-442a-b32013ab4cb72bbc [gEfiMdeModulePkgTokenSpaceGuid]
0 - unitialized

32:
Token type = Data
Datum type = UINT64
DynamicEx Token = 0x80000001
DynamicEx GUID  = a1aff049-fdeb-442a-b32013ab4cb72bbc [gEfiMdeModulePkgTokenSpaceGuid]
0 - unitialized

33:
Token type = Data
Datum type = UINT64
DynamicEx Token = 0x00030000
DynamicEx GUID  = a1aff049-fdeb-442a-b32013ab4cb72bbc [gEfiMdeModulePkgTokenSpaceGuid]
0 - unitialized

34:
Token type = Data
Datum type = UINT64
DynamicEx Token = 0x00030001
DynamicEx GUID  = a1aff049-fdeb-442a-b32013ab4cb72bbc [gEfiMdeModulePkgTokenSpaceGuid]
0 - unitialized

35:
Token type = Data
Datum type = UINT32
DynamicEx Token = 0x4000000b
DynamicEx GUID  = a1aff049-fdeb-442a-b32013ab4cb72bbc [gEfiMdeModulePkgTokenSpaceGuid]
Value:
0x00000280 (=640)

36:
Token type = Data
Datum type = UINT32
DynamicEx Token = 0x4000000c
DynamicEx GUID  = a1aff049-fdeb-442a-b32013ab4cb72bbc [gEfiMdeModulePkgTokenSpaceGuid]
Value:
0x000001e0 (=480)

37:
Token type = Data
Datum type = UINT8
DynamicEx Token = 0x0001006a
DynamicEx GUID  = a1aff049-fdeb-442a-b32013ab4cb72bbc [gEfiMdeModulePkgTokenSpaceGuid]
0 - unitialized

38:
Token type = Data
Datum type = UINT16
DynamicEx Token = 0x00010055
DynamicEx GUID  = a1aff049-fdeb-442a-b32013ab4cb72bbc [gEfiMdeModulePkgTokenSpaceGuid]
Value:
0x0208 (=520)

39:
Token type = Data
Datum type = UINT8 (Bool)
DynamicEx Token = 0x00030003
DynamicEx GUID  = a1aff049-fdeb-442a-b32013ab4cb72bbc [gEfiMdeModulePkgTokenSpaceGuid]
0 - unitialized

40:
Token type = Data
Datum type = UINT32
DynamicEx Token = 0x40000009
DynamicEx GUID  = a1aff049-fdeb-442a-b32013ab4cb72bbc [gEfiMdeModulePkgTokenSpaceGuid]
Value:
0x00000500 (=1280)

41:
Token type = Data
Datum type = UINT32
DynamicEx Token = 0x4000000a
DynamicEx GUID  = a1aff049-fdeb-442a-b32013ab4cb72bbc [gEfiMdeModulePkgTokenSpaceGuid]
Value:
0x00000320 (=800)

42:
Token type = Data
Datum type = UINT32
DynamicEx Token = 0x0000000c
DynamicEx GUID  = 914aebe7-4635-459b-aa1c11e219b03a10 [gEfiMdePkgTokenSpaceGuid]
Value:
0x3b9aca00 (=1000000000)

43:
Token type = Data
Datum type = UINT16
DynamicEx Token = 0x0000002c
DynamicEx GUID  = 914aebe7-4635-459b-aa1c11e219b03a10 [gEfiMdePkgTokenSpaceGuid]
0 - unitialized

44:
Token type = Data
Datum type = UINT8
DynamicEx Token = 0x10000009
DynamicEx GUID  = 40e064b2-0ae0-48b1-a07df8cf1e1a2310 [gEfiNetworkPkgTokenSpaceGuid]
Value:
0x01 (=1)

45:
Token type = Data
Datum type = UINT8
DynamicEx Token = 0x1000000a
DynamicEx GUID  = 40e064b2-0ae0-48b1-a07df8cf1e1a2310 [gEfiNetworkPkgTokenSpaceGuid]
Value:
0x01 (=1)

46:
Token type = Data
Datum type = UINT32
DynamicEx Token = 0x00010025
DynamicEx GUID  = 0d3fb176-9569-4d51-a3ef7d61c64feaba [gEfiSecurityPkgTokenSpaceGuid]
0 - unitialized

47:
Token type = Data
Datum type = UINT64
DynamicEx Token = 0x00010026
DynamicEx GUID  = 0d3fb176-9569-4d51-a3ef7d61c64feaba [gEfiSecurityPkgTokenSpaceGuid]
0 - unitialized

48:
Token type = Data
Datum type = UINT32
DynamicEx Token = 0x00010016
DynamicEx GUID  = 0d3fb176-9569-4d51-a3ef7d61c64feaba [gEfiSecurityPkgTokenSpaceGuid]
Value:
0xffffffff (=4294967295)

49:
Token type = Data
Datum type = UINT32
DynamicEx Token = 0xaf35f3b2
DynamicEx GUID  = 150cab53-ad47-4385-b5ddbcfc76bacaf0 [gUefiLessonsPkgTokenSpaceGuid]
Value:
0xbabebabe (=3133061822)

50:
Token type = Data
Datum type = UINT32
DynamicEx Token = 0x4f9259a3
DynamicEx GUID  = 150cab53-ad47-4385-b5ddbcfc76bacaf0 [gUefiLessonsPkgTokenSpaceGuid]
Value:
0xcafecafe (=3405695742)

51:
Token type = Data
Datum type = UINT64
DynamicEx Token = 0x00000002
DynamicEx GUID  = 93bb96af-b9f2-4eb8-9462e0ba74564236 [gUefiOvmfPkgTokenSpaceGuid]
0 - unitialized

52:
Token type = Data
Datum type = UINT8 (Bool)
DynamicEx Token = 0x00000010
DynamicEx GUID  = 93bb96af-b9f2-4eb8-9462e0ba74564236 [gUefiOvmfPkgTokenSpaceGuid]
0 - unitialized

53:
Token type = Data
Datum type = UINT8 (Bool)
DynamicEx Token = 0x00000021
DynamicEx GUID  = 93bb96af-b9f2-4eb8-9462e0ba74564236 [gUefiOvmfPkgTokenSpaceGuid]
0 - unitialized

54:
Token type = Data
Datum type = UINT8
DynamicEx Token = 0x00000064
DynamicEx GUID  = 93bb96af-b9f2-4eb8-9462e0ba74564236 [gUefiOvmfPkgTokenSpaceGuid]
0 - unitialized
_____
