__________________________________________________________________________

Tue May 28 18:09:57 CST 2024

Free Memory: 24054 kB
Total Memory: 37744 kB

java.class.path:
    C:\Users\Administrator\AppData\Local\Temp\I1716890961\InstallerData\IAClasses.zip
    C:\Users\Administrator\AppData\Local\Temp\I1716890961\InstallerData\Execute.zip
    C:\Users\Administrator\AppData\Local\Temp\I1716890961\Windows\InstallerData\Execute.zip
    C:\Users\Administrator\AppData\Local\Temp\I1716890961\InstallerData\Resource1.zip
    C:\Users\Administrator\AppData\Local\Temp\I1716890961\Windows\InstallerData\Resource1.zip
    C:\Users\Administrator\AppData\Local\Temp\I1716890961\InstallerData
    C:\Users\Administrator\AppData\Local\Temp\I1716890961\Windows\InstallerData

ZGUtil.CLASS_PATH:
    C:\Users\Administrator\AppData\Local\Temp\I1716890961\InstallerData\IAClasses.zip
    C:\Users\Administrator\AppData\Local\Temp\I1716890961\InstallerData\Execute.zip
    C:\Users\Administrator\AppData\Local\Temp\I1716890961\InstallerData

sun.boot.class.path:
    C:\Users\Administrator\AppData\Local\Temp\I1716890961\Windows\resource\jre\lib\resources.jar
    C:\Users\Administrator\AppData\Local\Temp\I1716890961\Windows\resource\jre\lib\rt.jar
    C:\Users\Administrator\AppData\Local\Temp\I1716890961\Windows\resource\jre\lib\sunrsasign.jar
    C:\Users\Administrator\AppData\Local\Temp\I1716890961\Windows\resource\jre\lib\jsse.jar
    C:\Users\Administrator\AppData\Local\Temp\I1716890961\Windows\resource\jre\lib\jce.jar
    C:\Users\Administrator\AppData\Local\Temp\I1716890961\Windows\resource\jre\lib\charsets.jar
    C:\Users\Administrator\AppData\Local\Temp\I1716890961\Windows\resource\jre\lib\jfr.jar
    C:\Users\Administrator\AppData\Local\Temp\I1716890961\Windows\resource\jre\classes

java.ext.dirs:
    C:\Users\Administrator\AppData\Local\Temp\I1716890961\Windows\resource\jre\lib\ext
    C:\Windows\Sun\Java\lib\ext

java.version                  == 1.8.0_05 (Java 1)
java.vm.name                  == Java HotSpot(TM) Client VM
java.vm.vendor                == Oracle Corporation
java.vm.version               == 25.5-b02
java.vm.specification.name    == Java Virtual Machine Specification
java.vm.specification.vendor  == Oracle Corporation
java.vm.specification.version == 1.8
java.specification.name       == Java Platform API Specification
java.specification.vendor     == Oracle Corporation
java.specification.version    == 1.8
java.vendor                   == Oracle Corporation
java.vendor.url               == http://java.oracle.com/
java.class.version            == 52.0
java.library.path             == C:\Users\Administrator\AppData\Local\Temp\I1716890961\Windows\resource\jre\bin;C:\Windows\Sun\Java\bin;C:\Windows\system32;C:\Windows;C:\Program Files\Python39\Scripts\;C:\Program Files\Python39\;C:\Windows\system32;C:\Windows;C:\Windows\System32\Wbem;C:\Windows\System32\WindowsPowerShell\v1.0\;C:\Windows\System32\OpenSSH\;C:\Software\Git\cmd;C:\Software\TortoiseGit\bin;D:\Windows Kits\10\Windows Performance Toolkit\;D:\UEFIWorkspace\Tools\ASL\;D:\UEFIWorkspace\Tools\cygwin64\;D:\UEFIWorkspace\Tools\NASM\;D:\UEFIWorkspace\Tools\QEMU\;C:\Users\Administrator\AppData\Local\Microsoft\WindowsApps;C:\Software\UltraEdit\;C:\Software\PyCharm\PyCharm Community Edition 2024.1\bin;;.
java.compiler                 == null
java.home                     == C:\Users\Administrator\AppData\Local\Temp\I1716890961\Windows\resource\jre
java.io.tmpdir                == C:\Users\ADMINI~1\AppData\Local\Temp\
os.name                       == Windows 8.1
os.arch                       == x86
os.version                    == 6.3
path.separator                == ;
file.separator                == \
file.encoding                 == GBK
user.name                     == Administrator
user.home                     == C:\Users\Administrator
user.dir                      == C:\Users\Administrator\AppData\Local\Temp\I1716890961\Windows
user.language                 == zh
user.region                   == null
__________________________________________________________________________

Installed Feature(s) Application of Intel(R) UEFI Development Kit Debugger Tool

Install Begin: MAY 28, 2024 6:09:25 PM CST
Install End: MAY 28, 2024 6:09:53 PM CST

Installed by InstallAnywhere 16.5 Premier Build 4860


User Interactions
-----------------


#Choose Install Folder
#---------------------
USER_INSTALL_DIR=C:\\Program Files (x86)\\Intel\\Intel(R) UEFI Development Kit Debugger Tool

#Choose Configuration File Folder
#--------------------------------
CONF_DIR=\"Public folder (C:\\Program Files (x86)\\Intel\\Intel(R) UEFI Development Kit Debugger Tool)\",\"\"
CONF_DIR_1=Public folder (C:\\Program Files (x86)\\Intel\\Intel(R) UEFI Development Kit Debugger Tool)
CONF_DIR_2=
CONF_DIR_BOOLEAN_1=1
CONF_DIR_BOOLEAN_2=0

#Configure Debug Port
#--------------------
DEBUG_PORT_SERIAL=0
DEBUG_PORT_PORT_SERIAL=COM1
DEBUG_PORT_BAUDRATE=115200
DEBUG_PORT_FLOWCONTROL=1
DEBUG_PORT_USB=0
DEBUG_PORT_PIPE=1
DEBUG_PORT_PORT_PIPE=QemuPipeDbg
DEBUG_PORT_TCP=0
DEBUG_PORT_SERVER=
DEBUG_PORT_PORT_TCP=

#Install
#-------
-fileOverwrite_C\:\\Program\ Files\ (x86)\\Intel\\Intel(R)\ UEFI\ Development\ Kit\ Debugger\ Tool\\usb\\win7-x64\\DriverInstall.exe=Yes
-fileOverwrite_C\:\\Program\ Files\ (x86)\\Intel\\Intel(R)\ UEFI\ Development\ Kit\ Debugger\ Tool\\usb\\win7-x64\\usb2dbg.cat=Yes
-fileOverwrite_C\:\\Program\ Files\ (x86)\\Intel\\Intel(R)\ UEFI\ Development\ Kit\ Debugger\ Tool\\usb\\win7-x64\\usb2dbg.inf=Yes
-fileOverwrite_C\:\\Program\ Files\ (x86)\\Intel\\Intel(R)\ UEFI\ Development\ Kit\ Debugger\ Tool\\usb\\win7-x64\\usb2dbg.sys=Yes
-fileOverwrite_C\:\\Program\ Files\ (x86)\\Intel\\Intel(R)\ UEFI\ Development\ Kit\ Debugger\ Tool\\usb\\win7-x64\\msvcr120.dll=Yes
-fileOverwrite_C\:\\Program\ Files\ (x86)\\Intel\\Intel(R)\ UEFI\ Development\ Kit\ Debugger\ Tool\\usb\\winxp-x86\\DriverInstall.exe=Yes
-fileOverwrite_C\:\\Program\ Files\ (x86)\\Intel\\Intel(R)\ UEFI\ Development\ Kit\ Debugger\ Tool\\usb\\winxp-x86\\usb2dbg.cat=Yes
-fileOverwrite_C\:\\Program\ Files\ (x86)\\Intel\\Intel(R)\ UEFI\ Development\ Kit\ Debugger\ Tool\\usb\\winxp-x86\\usb2dbg.inf=Yes
-fileOverwrite_C\:\\Program\ Files\ (x86)\\Intel\\Intel(R)\ UEFI\ Development\ Kit\ Debugger\ Tool\\usb\\winxp-x86\\usb2dbg.sys=Yes
-fileOverwrite_C\:\\Program\ Files\ (x86)\\Intel\\Intel(R)\ UEFI\ Development\ Kit\ Debugger\ Tool\\usb\\winxp-x86\\msvcr120.dll=Yes
-fileOverwrite_C\:\\Program\ Files\ (x86)\\Intel\\Intel(R)\ UEFI\ Development\ Kit\ Debugger\ Tool\\SoftDebugger.exe=Yes
-fileOverwrite_C\:\\Program\ Files\ (x86)\\Intel\\Intel(R)\ UEFI\ Development\ Kit\ Debugger\ Tool\\SoftDebuggerPS.dll=Yes
-fileOverwrite_C\:\\Program\ Files\ (x86)\\Intel\\Intel(R)\ UEFI\ Development\ Kit\ Debugger\ Tool\\msvcr120.dll=Yes
-fileOverwrite_C\:\\Program\ Files\ (x86)\\Intel\\Intel(R)\ UEFI\ Development\ Kit\ Debugger\ Tool\\msvcp120.dll=Yes
-fileOverwrite_C\:\\Program\ Files\ (x86)\\Intel\\Intel(R)\ UEFI\ Development\ Kit\ Debugger\ Tool\\eXdi.exe=Yes
-fileOverwrite_C\:\\Program\ Files\ (x86)\\Intel\\Intel(R)\ UEFI\ Development\ Kit\ Debugger\ Tool\\eXdips.dll=Yes
-fileOverwrite_C\:\\Program\ Files\ (x86)\\Intel\\Intel(R)\ UEFI\ Development\ Kit\ Debugger\ Tool\\python27.dll=Yes
-fileOverwrite_C\:\\Program\ Files\ (x86)\\Intel\\Intel(R)\ UEFI\ Development\ Kit\ Debugger\ Tool\\UdkExtension.dll=Yes
-fileOverwrite_C\:\\Program\ Files\ (x86)\\Intel\\Intel(R)\ UEFI\ Development\ Kit\ Debugger\ Tool\\EULA.rtf=Yes
-fileOverwrite_C\:\\Program\ Files\ (x86)\\Intel\\Intel(R)\ UEFI\ Development\ Kit\ Debugger\ Tool\\py\\mtrr.py=Yes
-fileOverwrite_C\:\\Program\ Files\ (x86)\\Intel\\Intel(R)\ UEFI\ Development\ Kit\ Debugger\ Tool\\py\\pci.py=Yes
-fileOverwrite_C\:\\Program\ Files\ (x86)\\Intel\\Intel(R)\ UEFI\ Development\ Kit\ Debugger\ Tool\\py\\DumpHobs.py=Yes
-fileOverwrite_C\:\\Program\ Files\ (x86)\\Intel\\Intel(R)\ UEFI\ Development\ Kit\ Debugger\ Tool\\py\\DumpS3Script.py=Yes
-fileOverwrite_C\:\\Program\ Files\ (x86)\\Intel\\Intel(R)\ UEFI\ Development\ Kit\ Debugger\ Tool\\py\\DumpVariable.py=Yes
-fileOverwrite_C\:\\Program\ Files\ (x86)\\Intel\\Intel(R)\ UEFI\ Development\ Kit\ Debugger\ Tool\\py\\ShowEfiDevicePath.py=Yes
-fileOverwrite_C\:\\Program\ Files\ (x86)\\Intel\\Intel(R)\ UEFI\ Development\ Kit\ Debugger\ Tool\\py\\mmio.py=Yes
-fileOverwrite_C\:\\Program\ Files\ (x86)\\Intel\\Intel(R)\ UEFI\ Development\ Kit\ Debugger\ Tool\\Uninstaller.lax=Yes
-fileOverwrite_C\:\\Program\ Files\ (x86)\\Intel\\Intel(R)\ UEFI\ Development\ Kit\ Debugger\ Tool\\resource\\iawin32.dll=Yes
-fileOverwrite_C\:\\Program\ Files\ (x86)\\Intel\\Intel(R)\ UEFI\ Development\ Kit\ Debugger\ Tool\\resource\\win64_32_x64.exe=Yes
-fileOverwrite_C\:\\Program\ Files\ (x86)\\Intel\\Intel(R)\ UEFI\ Development\ Kit\ Debugger\ Tool\\resource\\remove.exe=Yes
-fileOverwrite_C\:\\Program\ Files\ (x86)\\Intel\\Intel(R)\ UEFI\ Development\ Kit\ Debugger\ Tool\\resource\\invoker.exe=Yes
-fileOverwrite_C\:\\Program\ Files\ (x86)\\Intel\\Intel(R)\ UEFI\ Development\ Kit\ Debugger\ Tool\\SoftDebugger.ini=Yes

Summary
-------

Installation: Successful.

79 Successes
0 Warnings
0 NonFatalErrors
0 FatalErrors

Action Notes:

None

Install Log Detail:

Check Disk Space:         C:\Program Files (x86)\Intel\Intel(R) UEFI Development Kit Debugger Tool
                          Status: SUCCESSFUL
                          Additional Notes: NOTE - Required Disk Space: 157,997,991; Free Disk Space: 810,000,850,944



Install Action:           Find Component in InstallAnywhere Registry: Check >= 1.3
                          Status: SUCCESSFUL

Get Registry Entry:       Key: HKEY_LOCAL_MACHINE\SOFTWARE\Microsoft\Windows\CurrentVersion\Uninstall\{B50EDD61-F34A-4D00-822C-B489B7B9D290}
                          Value Name: UninstallString
                          Status: SUCCESSFUL

Get Registry Entry:       Key: HKEY_LOCAL_MACHINE\SOFTWARE\Microsoft\Windows\CurrentVersion\Uninstall\{C1FC4D3C-CA63-4C83-9788-A33D13CF12B2}
                          Value Name: UninstallString
                          Status: SUCCESSFUL

Get Registry Entry:       Key: HKEY_LOCAL_MACHINE\SOFTWARE\Microsoft\Windows\CurrentVersion\Uninstall\{CD167A06-2CD6-4131-9C2F-87A50ABC10F8}
                          Value Name: UninstallString
                          Status: SUCCESSFUL




Check Disk Space:         C:\Program Files (x86)\Intel\Intel(R) UEFI Development Kit Debugger Tool
                          Status: SUCCESSFUL
                          Additional Notes: NOTE - Required Disk Space: 157,997,991; Free Disk Space: 810,000,850,944

Install Directory:        C:\Program Files (x86)\Intel\Intel(R) UEFI Development Kit Debugger Tool\
                          Status: SUCCESSFUL
                          Additional Notes: NOTE - Directory already existed

Execute Script/Batch file:   Uninstall USB Driver (x64)
                          Status: SUCCESSFUL

Execute Script/Batch file:   Unregister COM
                          Status: SUCCESSFUL

Delete Folder:            Source:Intel(R) UEFI Development Kit Debugger Tool
                          Status: SUCCESSFUL
                          Additional Notes: NOTE - Source C:\Users\Administrator\AppData\Roaming\Microsoft\Windows\Start Menu\Programs\Intel(R) UEFI Development Kit Debugger Tool does not exist.

Delete Folder:            Source:
                          Status: SUCCESSFUL
                          Additional Notes: NOTE - Source C:\Users\Administrator\AppData\Local\Temp\I1716890961\Windows does not exist.

Install Directory:        C:\Program Files (x86)\Intel\Intel(R) UEFI Development Kit Debugger Tool\usb\
                          Status: SUCCESSFUL

Install Directory:        C:\Program Files (x86)\Intel\Intel(R) UEFI Development Kit Debugger Tool\usb\win7-x64\
                          Status: SUCCESSFUL

Install File:             C:\Program Files (x86)\Intel\Intel(R) UEFI Development Kit Debugger Tool\usb\win7-x64\DriverInstall.exe
                          Status: SUCCESSFUL

Install File:             C:\Program Files (x86)\Intel\Intel(R) UEFI Development Kit Debugger Tool\usb\win7-x64\usb2dbg.cat
                          Status: SUCCESSFUL

Install File:             C:\Program Files (x86)\Intel\Intel(R) UEFI Development Kit Debugger Tool\usb\win7-x64\usb2dbg.inf
                          Status: SUCCESSFUL

Install File:             C:\Program Files (x86)\Intel\Intel(R) UEFI Development Kit Debugger Tool\usb\win7-x64\usb2dbg.sys
                          Status: SUCCESSFUL

Install File:             C:\Program Files (x86)\Intel\Intel(R) UEFI Development Kit Debugger Tool\usb\win7-x64\msvcr120.dll
                          Status: SUCCESSFUL

Install Directory:        C:\Program Files (x86)\Intel\Intel(R) UEFI Development Kit Debugger Tool\usb\winxp-x86\
                          Status: SUCCESSFUL

Install File:             C:\Program Files (x86)\Intel\Intel(R) UEFI Development Kit Debugger Tool\usb\winxp-x86\DriverInstall.exe
                          Status: SUCCESSFUL

Install File:             C:\Program Files (x86)\Intel\Intel(R) UEFI Development Kit Debugger Tool\usb\winxp-x86\usb2dbg.cat
                          Status: SUCCESSFUL

Install File:             C:\Program Files (x86)\Intel\Intel(R) UEFI Development Kit Debugger Tool\usb\winxp-x86\usb2dbg.inf
                          Status: SUCCESSFUL

Install File:             C:\Program Files (x86)\Intel\Intel(R) UEFI Development Kit Debugger Tool\usb\winxp-x86\usb2dbg.sys
                          Status: SUCCESSFUL

Install File:             C:\Program Files (x86)\Intel\Intel(R) UEFI Development Kit Debugger Tool\usb\winxp-x86\msvcr120.dll
                          Status: SUCCESSFUL

Install File:             C:\Program Files (x86)\Intel\Intel(R) UEFI Development Kit Debugger Tool\SoftDebugger.exe
                          Status: SUCCESSFUL

Install File:             C:\Program Files (x86)\Intel\Intel(R) UEFI Development Kit Debugger Tool\SoftDebuggerPS.dll
                          Status: SUCCESSFUL

Install File:             C:\Program Files (x86)\Intel\Intel(R) UEFI Development Kit Debugger Tool\msvcr120.dll
                          Status: SUCCESSFUL

Install File:             C:\Program Files (x86)\Intel\Intel(R) UEFI Development Kit Debugger Tool\msvcp120.dll
                          Status: SUCCESSFUL

Install File:             C:\Program Files (x86)\Intel\Intel(R) UEFI Development Kit Debugger Tool\eXdi.exe
                          Status: SUCCESSFUL

Install File:             C:\Program Files (x86)\Intel\Intel(R) UEFI Development Kit Debugger Tool\eXdips.dll
                          Status: SUCCESSFUL

Install File:             C:\Program Files (x86)\Intel\Intel(R) UEFI Development Kit Debugger Tool\python27.dll
                          Status: SUCCESSFUL

Install File:             C:\Program Files (x86)\Intel\Intel(R) UEFI Development Kit Debugger Tool\UdkExtension.dll
                          Status: SUCCESSFUL

Install File:             C:\Program Files (x86)\Intel\Intel(R) UEFI Development Kit Debugger Tool\EULA.rtf
                          Status: SUCCESSFUL

Install Directory:        C:\Program Files (x86)\Intel\Intel(R) UEFI Development Kit Debugger Tool\py\
                          Status: SUCCESSFUL

Install File:             C:\Program Files (x86)\Intel\Intel(R) UEFI Development Kit Debugger Tool\py\mtrr.py
                          Status: SUCCESSFUL

Install File:             C:\Program Files (x86)\Intel\Intel(R) UEFI Development Kit Debugger Tool\py\pci.py
                          Status: SUCCESSFUL

Install File:             C:\Program Files (x86)\Intel\Intel(R) UEFI Development Kit Debugger Tool\py\DumpHobs.py
                          Status: SUCCESSFUL

Install File:             C:\Program Files (x86)\Intel\Intel(R) UEFI Development Kit Debugger Tool\py\DumpS3Script.py
                          Status: SUCCESSFUL

Install File:             C:\Program Files (x86)\Intel\Intel(R) UEFI Development Kit Debugger Tool\py\DumpVariable.py
                          Status: SUCCESSFUL

Install File:             C:\Program Files (x86)\Intel\Intel(R) UEFI Development Kit Debugger Tool\py\ShowEfiDevicePath.py
                          Status: SUCCESSFUL

Install File:             C:\Program Files (x86)\Intel\Intel(R) UEFI Development Kit Debugger Tool\py\mmio.py
                          Status: SUCCESSFUL

Install Uninstaller:      Intel(R) UEFI Development Kit Debugger Tool(Install All Uninstaller Components)
                          Status: SUCCESSFUL

Install Directory:        C:\Program Files (x86)\Intel\Intel(R) UEFI Development Kit Debugger Tool\jre
                          Status: SUCCESSFUL

Install JRE:              C:\Program Files (x86)\Intel\Intel(R) UEFI Development Kit Debugger Tool\jre
                          Status: SUCCESSFUL

Install File:             C:\Program Files (x86)\Intel\Intel(R) UEFI Development Kit Debugger Tool\Uninstaller.exe
                          Status: SUCCESSFUL


Install File:             C:\Program Files (x86)\Intel\Intel(R) UEFI Development Kit Debugger Tool\Uninstaller.lax
                          Status: SUCCESSFUL

Install Directory:        C:\Program Files (x86)\Intel\Intel(R) UEFI Development Kit Debugger Tool\resource\
                          Status: SUCCESSFUL

Install File:             C:\Program Files (x86)\Intel\Intel(R) UEFI Development Kit Debugger Tool\resource\iawin32.dll
                          Status: SUCCESSFUL

Install File:             C:\Program Files (x86)\Intel\Intel(R) UEFI Development Kit Debugger Tool\resource\win64_32_x64.exe
                          Status: SUCCESSFUL

Install File:             C:\Program Files (x86)\Intel\Intel(R) UEFI Development Kit Debugger Tool\resource\remove.exe
                          Status: SUCCESSFUL

Install File:             C:\Program Files (x86)\Intel\Intel(R) UEFI Development Kit Debugger Tool\resource\invoker.exe
                          Status: SUCCESSFUL

Make Registry Entry:      Key: HKEY_LOCAL_MACHINE\SOFTWARE\Microsoft\Windows\CurrentVersion\Uninstall\Intel(R) UEFI Development Kit Debugger Tool
                          Value Name: DisplayName
                          Value Data: Intel(R) UEFI Development Kit Debugger Tool
                          Status: SUCCESSFUL

Make Registry Entry:      Key: HKEY_LOCAL_MACHINE\SOFTWARE\Microsoft\Windows\CurrentVersion\Uninstall\Intel(R) UEFI Development Kit Debugger Tool
                          Value Name: UninstallString
                          Value Data: "C:\Program Files (x86)\Intel\Intel(R) UEFI Development Kit Debugger Tool\Uninstaller.exe"
                          Status: SUCCESSFUL

Make Registry Entry:      Key: HKEY_LOCAL_MACHINE\SOFTWARE\Microsoft\Windows\CurrentVersion\Uninstall\Intel(R) UEFI Development Kit Debugger Tool
                          Value Name: Publisher
                          Value Data: Intel Corporation
                          Status: SUCCESSFUL

Make Registry Entry:      Key: HKEY_LOCAL_MACHINE\SOFTWARE\Microsoft\Windows\CurrentVersion\Uninstall\Intel(R) UEFI Development Kit Debugger Tool
                          Value Name: URLInfoAbout
                          Value Data: http://firmware.intel.com
                          Status: SUCCESSFUL

Make Registry Entry:      Key: HKEY_LOCAL_MACHINE\SOFTWARE\Microsoft\Windows\CurrentVersion\Uninstall\Intel(R) UEFI Development Kit Debugger Tool
                          Value Name: URLUpdateInfo
                          Value Data: http://firmware.intel.com/develop/intel-uefi-tools-and-utilities/intel-uefi-development-kit-debugger-tool
                          Status: SUCCESSFUL

Make Registry Entry:      Key: HKEY_LOCAL_MACHINE\SOFTWARE\Microsoft\Windows\CurrentVersion\Uninstall\Intel(R) UEFI Development Kit Debugger Tool
                          Value Name: ProductID
                          Value Data: f684c3cc-1f0a-11b2-8f2b-948d0fd48e49
                          Status: SUCCESSFUL

Make Registry Entry:      Key: HKEY_LOCAL_MACHINE\SOFTWARE\Microsoft\Windows\CurrentVersion\Uninstall\Intel(R) UEFI Development Kit Debugger Tool
                          Value Name: InstallLocation
                          Value Data: C:\Program Files (x86)\Intel\Intel(R) UEFI Development Kit Debugger Tool
                          Status: SUCCESSFUL

Make Registry Entry:      Key: HKEY_LOCAL_MACHINE\SOFTWARE\Microsoft\Windows\CurrentVersion\Uninstall\Intel(R) UEFI Development Kit Debugger Tool
                          Value Name: InstallDate
                          Value Data: Tue May 28 18:09:51 CST 2024
                          Status: SUCCESSFUL

Make Registry Entry:      Key: HKEY_LOCAL_MACHINE\SOFTWARE\Microsoft\Windows\CurrentVersion\Uninstall\Intel(R) UEFI Development Kit Debugger Tool
                          Value Name: HelpLink
                          Value Data: http://firmware.intel.com/develop/intel-uefi-tools-and-utilities/intel-uefi-development-kit-debugger-tool
                          Status: SUCCESSFUL

Make Registry Entry:      Key: HKEY_LOCAL_MACHINE\SOFTWARE\Microsoft\Windows\CurrentVersion\Uninstall\Intel(R) UEFI Development Kit Debugger Tool
                          Value Name: DisplayVersion
                          Value Data: 1.5.0.2
                          Status: SUCCESSFUL

Install Uninstaller:      Intel(R) UEFI Development Kit Debugger Tool(Install All Uninstaller Components)
                          Status: SUCCESSFUL

Install Directory:        C:\ProgramData\Microsoft\Windows\Start Menu\Programs\Intel(R) UEFI Development Kit Debugger Tool\
                          Status: SUCCESSFUL

Create Shortcut:          C:\ProgramData\Microsoft\Windows\Start Menu\Programs\Intel(R) UEFI Development Kit Debugger Tool\Change Configurations.lnk
                          Status: SUCCESSFUL

Create Shortcut:          C:\ProgramData\Microsoft\Windows\Start Menu\Programs\Intel(R) UEFI Development Kit Debugger Tool\Start WinDbg with Intel UDK Debugger Tool.lnk
                          Status: SUCCESSFUL

Create Shortcut:          C:\ProgramData\Microsoft\Windows\Start Menu\Programs\Intel(R) UEFI Development Kit Debugger Tool\Uninstall Intel(R) UEFI Development Kit Debugger Tool.lnk
                          Status: SUCCESSFUL

Install Directory:        C:\Program Files (x86)\Intel\Intel(R) UEFI Development Kit Debugger Tool\
                          Status: SUCCESSFUL
                          Additional Notes: NOTE - Directory already existed

Install File:             C:\Program Files (x86)\Intel\Intel(R) UEFI Development Kit Debugger Tool\SoftDebugger.ini
                          Status: SUCCESSFUL

Install Directory:        /etc/udev/rules.d\
                          Status: SUCCESSFUL


Modify Text File - Single File:   SoftDebugger.ini
                          Status: SUCCESSFUL

Execute Script/Batch file:   Set SoftDebugger.ini permission & Register COM
                          Status: SUCCESSFUL

Execute Script/Batch file:   Install USB Driver (x64)
                          Status: SUCCESSFUL

====================STDERR ENTRIES==================

__________________________________________________________________________

InstallAnywhere 2014 SP1
Version: 16.5
__________________________________________________________________________

Tue May 28 18:09:24 CST 2024

Free Memory: 10209 kB
Total Memory: 15872 kB

No Arguments

java.class.path:
    C:\Users\Administrator\AppData\Local\Temp\I1716890961\InstallerData\IAClasses.zip
    C:\Users\Administrator\AppData\Local\Temp\I1716890961\InstallerData\Execute.zip
    C:\Users\Administrator\AppData\Local\Temp\I1716890961\Windows\InstallerData\Execute.zip
    C:\Users\Administrator\AppData\Local\Temp\I1716890961\InstallerData\Resource1.zip
    C:\Users\Administrator\AppData\Local\Temp\I1716890961\Windows\InstallerData\Resource1.zip
    C:\Users\Administrator\AppData\Local\Temp\I1716890961\InstallerData
    C:\Users\Administrator\AppData\Local\Temp\I1716890961\Windows\InstallerData

ZGUtil.CLASS_PATH:
    C:\Users\Administrator\AppData\Local\Temp\I1716890961\InstallerData\IAClasses.zip
    C:\Users\Administrator\AppData\Local\Temp\I1716890961\InstallerData\Execute.zip
    C:\Users\Administrator\AppData\Local\Temp\I1716890961\InstallerData

sun.boot.class.path:
    C:\Users\Administrator\AppData\Local\Temp\I1716890961\Windows\resource\jre\lib\resources.jar
    C:\Users\Administrator\AppData\Local\Temp\I1716890961\Windows\resource\jre\lib\rt.jar
    C:\Users\Administrator\AppData\Local\Temp\I1716890961\Windows\resource\jre\lib\sunrsasign.jar
    C:\Users\Administrator\AppData\Local\Temp\I1716890961\Windows\resource\jre\lib\jsse.jar
    C:\Users\Administrator\AppData\Local\Temp\I1716890961\Windows\resource\jre\lib\jce.jar
    C:\Users\Administrator\AppData\Local\Temp\I1716890961\Windows\resource\jre\lib\charsets.jar
    C:\Users\Administrator\AppData\Local\Temp\I1716890961\Windows\resource\jre\lib\jfr.jar
    C:\Users\Administrator\AppData\Local\Temp\I1716890961\Windows\resource\jre\classes

java.ext.dirs:
    C:\Users\Administrator\AppData\Local\Temp\I1716890961\Windows\resource\jre\lib\ext
    C:\Windows\Sun\Java\lib\ext

java.version                  == 1.8.0_05 (Java 1)
java.vm.name                  == Java HotSpot(TM) Client VM
java.vm.vendor                == Oracle Corporation
java.vm.version               == 25.5-b02
java.vm.specification.name    == Java Virtual Machine Specification
java.vm.specification.vendor  == Oracle Corporation
java.vm.specification.version == 1.8
java.specification.name       == Java Platform API Specification
java.specification.vendor     == Oracle Corporation
java.specification.version    == 1.8
java.vendor                   == Oracle Corporation
java.vendor.url               == http://java.oracle.com/
java.class.version            == 52.0
java.library.path             == C:\Users\Administrator\AppData\Local\Temp\I1716890961\Windows\resource\jre\bin;C:\Windows\Sun\Java\bin;C:\Windows\system32;C:\Windows;C:\Program Files\Python39\Scripts\;C:\Program Files\Python39\;C:\Windows\system32;C:\Windows;C:\Windows\System32\Wbem;C:\Windows\System32\WindowsPowerShell\v1.0\;C:\Windows\System32\OpenSSH\;C:\Software\Git\cmd;C:\Software\TortoiseGit\bin;D:\Windows Kits\10\Windows Performance Toolkit\;D:\UEFIWorkspace\Tools\ASL\;D:\UEFIWorkspace\Tools\cygwin64\;D:\UEFIWorkspace\Tools\NASM\;D:\UEFIWorkspace\Tools\QEMU\;C:\Users\Administrator\AppData\Local\Microsoft\WindowsApps;C:\Software\UltraEdit\;C:\Software\PyCharm\PyCharm Community Edition 2024.1\bin;;.
java.compiler                 == null
java.home                     == C:\Users\Administrator\AppData\Local\Temp\I1716890961\Windows\resource\jre
java.io.tmpdir                == C:\Users\ADMINI~1\AppData\Local\Temp\
os.name                       == Windows 8.1
os.arch                       == x86
os.version                    == 6.3
path.separator                == ;
file.separator                == \
file.encoding                 == GBK
user.name                     == Administrator
user.home                     == C:\Users\Administrator
user.dir                      == C:\Users\Administrator\AppData\Local\Temp\I1716890961\Windows
user.language                 == zh
user.region                   == null
__________________________________________________________________________


Loading externalized properties

***** 2 ReplayVariables for CreateDialog named CONF_DIR
8. final log file name=C:\Program Files (x86)\Intel\Intel(R) UEFI Development Kit Debugger Tool\Logs\Intel(R)_UEFI_Development_Kit_Debugger_Tool_Install_05_28_2024_18_09_51.log
System's temporary directory = C:\Users\Administrator\AppData\Local\Temp
key HKEY_LOCAL_MACHINE\SOFTWARE\Microsoft\Windows\CurrentVersion\Uninstall\Intel(R) UEFI Development Kit Debugger Tool doesn't exist
#
# INSTALLING VM: C:\Program Files (x86)\Intel\Intel(R) UEFI Development Kit Debugger Tool\jre
#
XMLScriptWriter: No Installation Objects were skipped
Retrying Installables deferred in pass 0
Deferral retries done because: 
There were no deferrals in the last pass.
SHUTDOWN REQUESTED

REGISTRY ALREADY STORED!

Exiting with exit code: 0
8. final log file name=C:\Program Files (x86)\Intel\Intel(R) UEFI Development Kit Debugger Tool\Logs\Intel(R)_UEFI_Development_Kit_Debugger_Tool_Install_05_28_2024_18_09_51.log
====================STDOUT ENTRIES==================

(X) commiting registry
(X) shutting down service manager
(X) cleaning up temporary directories
