/media/sf_VirtualBoxShare/UEFI/Build/OvmfX64/RELEASE_GCC5/X64/MdeModulePkg/Bus/Pci/PciHostBridgeDxe/PciHostBridgeDxe/OUTPUT/PciHostBridgeDxe.lib
/media/sf_VirtualBoxShare/UEFI/Build/OvmfX64/RELEASE_GCC5/X64/MdePkg/Library/DxePcdLib/DxePcdLib/OUTPUT/DxePcdLib.lib
/media/sf_VirtualBoxShare/UEFI/Build/OvmfX64/RELEASE_GCC5/X64/MdePkg/Library/RegisterFilterLibNull/RegisterFilterLibNull/OUTPUT/FilterLibNull.lib
/media/sf_VirtualBoxShare/UEFI/Build/OvmfX64/RELEASE_GCC5/X64/MdePkg/Library/BaseLib/BaseLib/OUTPUT/BaseLib.lib
/media/sf_VirtualBoxShare/UEFI/Build/OvmfX64/RELEASE_GCC5/X64/MdePkg/Library/BaseMemoryLibRepStr/BaseMemoryLibRepStr/OUTPUT/BaseMemoryLibRepStr.lib
/media/sf_VirtualBoxShare/UEFI/Build/OvmfX64/RELEASE_GCC5/X64/MdePkg/Library/TdxLib/TdxLib/OUTPUT/TdxLib.lib
/media/sf_VirtualBoxShare/UEFI/Build/OvmfX64/RELEASE_GCC5/X64/MdePkg/Library/BaseDebugPrintErrorLevelLib/BaseDebugPrintErrorLevelLib/OUTPUT/BaseDebugPrintErrorLevelLib.lib
/media/sf_VirtualBoxShare/UEFI/Build/OvmfX64/RELEASE_GCC5/X64/MdePkg/Library/BasePrintLib/BasePrintLib/OUTPUT/BasePrintLib.lib
/media/sf_VirtualBoxShare/UEFI/Build/OvmfX64/RELEASE_GCC5/X64/MdePkg/Library/BaseIoLibIntrinsic/BaseIoLibIntrinsicSev/OUTPUT/BaseIoLibIntrinsicSev.lib
/media/sf_VirtualBoxShare/UEFI/Build/OvmfX64/RELEASE_GCC5/X64/OvmfPkg/Library/PlatformDebugLibIoPort/PlatformDebugLibIoPort/OUTPUT/PlatformDebugLibIoPort.lib
/media/sf_VirtualBoxShare/UEFI/Build/OvmfX64/RELEASE_GCC5/X64/OvmfPkg/Library/CcProbeLib/DxeCcProbeLib/OUTPUT/DxeCcProbeLib.lib
/media/sf_VirtualBoxShare/UEFI/Build/OvmfX64/RELEASE_GCC5/X64/MdePkg/Library/UefiBootServicesTableLib/UefiBootServicesTableLib/OUTPUT/UefiBootServicesTableLib.lib
/media/sf_VirtualBoxShare/UEFI/Build/OvmfX64/RELEASE_GCC5/X64/MdePkg/Library/UefiMemoryAllocationLib/UefiMemoryAllocationLib/OUTPUT/UefiMemoryAllocationLib.lib
/media/sf_VirtualBoxShare/UEFI/Build/OvmfX64/RELEASE_GCC5/X64/MdePkg/Library/BasePciExpressLib/BasePciExpressLib/OUTPUT/BasePciExpressLib.lib
/media/sf_VirtualBoxShare/UEFI/Build/OvmfX64/RELEASE_GCC5/X64/MdePkg/Library/BasePciCf8Lib/BasePciCf8Lib/OUTPUT/BasePciCf8Lib.lib
/media/sf_VirtualBoxShare/UEFI/Build/OvmfX64/RELEASE_GCC5/X64/MdePkg/Library/UefiRuntimeServicesTableLib/UefiRuntimeServicesTableLib/OUTPUT/UefiRuntimeServicesTableLib.lib
/media/sf_VirtualBoxShare/UEFI/Build/OvmfX64/RELEASE_GCC5/X64/MdePkg/Library/UefiDevicePathLibDevicePathProtocol/UefiDevicePathLibDevicePathProtocol/OUTPUT/UefiDevicePathLibDevicePathProtocol.lib
/media/sf_VirtualBoxShare/UEFI/Build/OvmfX64/RELEASE_GCC5/X64/OvmfPkg/Library/QemuFwCfgLib/QemuFwCfgDxeLib/OUTPUT/QemuFwCfgDxeLib.lib
/media/sf_VirtualBoxShare/UEFI/Build/OvmfX64/RELEASE_GCC5/X64/OvmfPkg/Library/HardwareInfoLib/DxeHardwareInfoLib/OUTPUT/DxeHardwareInfoLib.lib
/media/sf_VirtualBoxShare/UEFI/Build/OvmfX64/RELEASE_GCC5/X64/OvmfPkg/Library/DxePciLibI440FxQ35/DxePciLibI440FxQ35/OUTPUT/DxePciLibI440FxQ35.lib
/media/sf_VirtualBoxShare/UEFI/Build/OvmfX64/RELEASE_GCC5/X64/MdePkg/Library/UefiLib/UefiLib/OUTPUT/UefiLib.lib
/media/sf_VirtualBoxShare/UEFI/Build/OvmfX64/RELEASE_GCC5/X64/OvmfPkg/Library/PciHostBridgeUtilityLib/PciHostBridgeUtilityLib/OUTPUT/PciHostBridgeUtilityLib.lib
/media/sf_VirtualBoxShare/UEFI/Build/OvmfX64/RELEASE_GCC5/X64/MdePkg/Library/DxeHobLib/DxeHobLib/OUTPUT/DxeHobLib.lib
/media/sf_VirtualBoxShare/UEFI/Build/OvmfX64/RELEASE_GCC5/X64/MdePkg/Library/UefiDriverEntryPoint/UefiDriverEntryPoint/OUTPUT/UefiDriverEntryPoint.lib
/media/sf_VirtualBoxShare/UEFI/Build/OvmfX64/RELEASE_GCC5/X64/MdePkg/Library/DxeServicesTableLib/DxeServicesTableLib/OUTPUT/DxeServicesTableLib.lib
/media/sf_VirtualBoxShare/UEFI/Build/OvmfX64/RELEASE_GCC5/X64/MdePkg/Library/BasePciSegmentLibPci/BasePciSegmentLibPci/OUTPUT/BasePciSegmentLibPci.lib
/media/sf_VirtualBoxShare/UEFI/Build/OvmfX64/RELEASE_GCC5/X64/OvmfPkg/Library/PciHostBridgeLib/PciHostBridgeLib/OUTPUT/PciHostBridgeLib.lib
/media/sf_VirtualBoxShare/UEFI/Build/OvmfX64/RELEASE_GCC5/X64/OvmfPkg/Library/AcpiTimerLib/DxeAcpiTimerLib/OUTPUT/DxeAcpiTimerLib.lib
/media/sf_VirtualBoxShare/UEFI/Build/OvmfX64/RELEASE_GCC5/X64/MdePkg/Library/StackCheckLibNull/StackCheckLibNull/OUTPUT/StackCheckLibNull.lib
/media/sf_VirtualBoxShare/UEFI/Build/OvmfX64/RELEASE_GCC5/X64/OvmfPkg/Library/PlatformHasIoMmuLib/PlatformHasIoMmuLib/OUTPUT/PlatformHasIoMmuLib.lib