FS0:\> AcpiViewApp.efi -?
Display ACPI Table information.
 
ACPIVIEWAPP.EFI [[-?] | [[[[-l] | [-s AcpiTable [-d]]] [-q] [-h]] [-r Spec]]]
 
 
  -l - Display list of installed ACPI Tables.
  -s - Display only the specified AcpiTable type and only support single
       invocation option.
         AcpiTable    : The required ACPI Table type.
  -d - Generate a binary file dump of the specified AcpiTable.
  -q - Quiet. Suppress errors and warnings. Disables consistency checks.
  -h - Enable colour highlighting.
  -r - Validate that all required ACPI tables are installed
         Spec  : Specification to validate against.
                 For Arm, the possible values are:
                   0 - Server Base Boot Requirements v1.0
                   1 - Server Base Boot Requirements v1.1
                   2 - Server Base Boot Requirements v1.2
  -? - Show help.
 
 
  This program is provided to allow examination of ACPI table values from the
  UEFI Shell.  This can help with investigations, especially at that stage
  where the tables are not enabling an OS to boot.
  The program is not exhaustive, and only encapsulates detailed knowledge of a
  limited number of table types.
 
  Default behaviour is to display the content of all tables installed.
  'Known' table types (listed in NOTES below) will be parsed and displayed
  with descriptions and field values.  Where appropriate a degree of
  consistency checking is done and errors may be reported in the output.
  Other table types will be displayed as an array of Hexadecimal bytes.
 
  To facilitate debugging, the -s and -d options can be used to generate a
  binary file image of a table that can be copied elsewhere for investigation
  using tools such as those provided by acpica.org.  This is especially
  relevant for AML type tables like DSDT and SSDT.
 
NOTES:
  1. The AcpiTable parameter can match any installed table type.
     Tables without specific handling will be displayed as a raw hex dump (or
     dumped to a file if -d is used).
  2. -s option supports to display the specified AcpiTable type that is present
     in the system. For normal type AcpiTable, it would display the data of the
     AcpiTable and AcpiTable header. The following type may contain header type
     other than AcpiTable header. The actual header can refer to the ACPI spec
     6.3
     Extra A. Particular types:
       APIC  - Multiple APIC Description Table (MADT)
       BGRT  - Boot Graphics Resource Table
       DBG2  - Debug Port Table 2
       DSDT  - Differentiated System Description Table
       FACP  - Fixed ACPI Description Table (FADT)
       GTDT  - Generic Timer Description Table
       IORT  - IO Remapping Table
       MCFG  - Memory Mapped Config Space Base Address Description Table
       PPTT  - Processor Properties Topology Table
       RSDP  - Root System Description Pointer
       SLIT  - System Locality Information Table
       SPCR  - Serial Port Console Redirection Table
       SRAT  - System Resource Affinity Table
       SSDT  - Secondary SystemDescription Table
       XSDT  - Extended System Description Table
 
 
 
EXAMPLES:
  * To display a list of the installed table types:
    fs0:\> acpiviewapp.efi -l
 
  * To parse and display a specific table type:
    fs0:\> acpiviewapp.efi -s GTDT
 
  * To save a binary dump of the contents of a table to a file
    in the current working directory:
    fs0:\> acpiviewapp.efi -s DSDT -d
 
  * To display contents of all ACPI tables:
    fs0:\> acpiviewapp.efi
 
  * To check if all Server Base Boot Requirements (SBBR) v1.2 mandatory
    ACPI tables are installed (Arm only):
    fs0:\> acpiviewapp.efi -r 2

FS0:\> AcpiViewApp.efi -l
Installed Table(s):
	   1. RSDP
	   2. XSDT
	   3. FACP
	   4. FACS
	   5. DSDT
	   6. APIC
	   7. HPET
	   8. WAET
	   9. BGRT


FS0:\> AcpiViewApp.efi -s BGRT


 --------------- BGRT Table --------------- 

Address  : 0x7775000
Length   : 56
  
00000000 : 42 47 52 54 38 00 00 00 - 01 AD 49 4E 54 45 4C 20   BGRT8.....INTEL 
00000010 : 45 44 4B 32 20 20 20 20 - 02 00 00 00 20 20 20 20   EDK2    ....    
00000020 : 13 00 00 01 01 00 01 00 - 18 40 3E 06 00 00 00 00   .........@>.....
00000030 : 1F 02 00 00 73 01 00 00                             ....s...

Table Checksum : OK

BGRT                                 :
  Signature                          : BGRT
  Length                             : 56
  Revision                           : 1
  Checksum                           : 0xAD
  Oem ID                             : INTEL 
  Oem Table ID                       : EDK2    
  Oem Revision                       : 0x2
  Creator ID                         :     
  Creator Revision                   : 0x1000013
  Version                            : 0x1
  Status                             : 0x1
  Image Type                         : 0x0
  Image Address                      : 0x63E4018
  Image Offset X                     : 543
  Image Offset Y                     : 371

Table Statistics:
	0 Error(s)
	0 Warning(s)

FS0:\> AcpiViewApp.efi -s APIC -d
Dumping ACPI table to : .\APIC0000.bin ... DONE.

FS0:\> AcpiViewApp.efi


 --------------- RSDP Table --------------- 

Address  : 0x777E014
Length   : 36
  
00000000 : 52 53 44 20 50 54 52 20 - 8E 42 4F 43 48 53 20 02   RSD PTR .BOCHS .
00000010 : 74 D0 77 07 24 00 00 00 - E8 D0 77 07 00 00 00 00   t.w.$.....w.....
00000020 : A6 00 00 00                                         ....

Table Checksum : OK

RSDP                                 :
  Signature                          : RSD PTR 
  Checksum                           : 0x8E
  Oem ID                             : BOCHS 
  Revision                           : 2
  RSDT Address                       : 0x777D074
  Length                             : 36
  XSDT Address                       : 0x777D0E8
  Extended Checksum                  : 0xA6
  Reserved                           : 0 0 0


 --------------- XSDT Table --------------- 

Address  : 0x777D0E8
Length   : 76
  
00000000 : 58 53 44 54 4C 00 00 00 - 01 F9 42 4F 43 48 53 20   XSDTL.....BOCHS 
00000010 : 42 58 50 43 20 20 20 20 - 01 00 00 00 20 20 20 20   BXPC    ....    
00000020 : 13 00 00 01 00 90 77 07 - 00 00 00 00 00 80 77 07   ......w.......w.
00000030 : 00 00 00 00 00 70 77 07 - 00 00 00 00 00 60 77 07   .....pw......`w.
00000040 : 00 00 00 00 00 50 77 07 - 00 00 00 00               .....Pw.....

Table Checksum : OK

XSDT                                 :
  Signature                          : XSDT
  Length                             : 76
  Revision                           : 1
  Checksum                           : 0xF9
  Oem ID                             : BOCHS 
  Oem Table ID                       : BXPC    
  Oem Revision                       : 0x1
  Creator ID                         :     
  Creator Revision                   : 0x1000013
  Entry[0] - FACP                    : 0x7779000
  Entry[1] - APIC                    : 0x7778000
  Entry[2] - HPET                    : 0x7777000
  Entry[3] - WAET                    : 0x7776000
  Entry[4] - BGRT                    : 0x7775000


 --------------- FACP Table --------------- 

Address  : 0x7779000
Length   : 116
  
00000000 : 46 41 43 50 74 00 00 00 - 01 CB 42 4F 43 48 53 20   FACPt.....BOCHS 
00000010 : 42 58 50 43 20 20 20 20 - 01 00 00 00 42 58 50 43   BXPC    ....BXPC
00000020 : 01 00 00 00 00 D0 7D 07 - 00 A0 77 07 01 00 09 00   ......}...w.....
00000030 : B2 00 00 00 F1 F0 00 00 - 00 B0 00 00 00 00 00 00   ................
00000040 : 04 B0 00 00 00 00 00 00 - 00 00 00 00 08 B0 00 00   ................
00000050 : E0 AF 00 00 00 00 00 00 - 04 02 00 04 04 00 00 00   ................
00000060 : FF 0F FF 0F 00 00 00 00 - 00 00 00 00 32 00 00 00   ............2...
00000070 : A5 80 00 00                                         ....

Table Checksum : OK

FADT                                 :
  Signature                          : FACP
  Length                             : 116
  Revision                           : 1
  Checksum                           : 0xCB
  Oem ID                             : BOCHS 
  Oem Table ID                       : BXPC    
  Oem Revision                       : 0x1
  Creator ID                         : BXPC
  Creator Revision                   : 0x1
  FIRMWARE_CTRL                      : 0x77DD000
  DSDT                               : 0x777A000
  Reserved                           : 1
  Preferred_PM_Profile               : 0x0
  SCI_INT                            : 0x9
  SMI_CMD                            : 0xB2
  ACPI_ENABLE                        : 0xF1
  ACPI_DISABLE                       : 0xF0
  S4BIOS_REQ                         : 0x0
  PSTATE_CNT                         : 0x0
  PM1a_EVT_BLK                       : 0xB000
  PM1b_EVT_BLK                       : 0x0
  PM1a_CNT_BLK                       : 0xB004
  PM1b_CNT_BLK                       : 0x0
  PM2_CNT_BLK                        : 0x0
  PM_TMR_BLK                         : 0xB008
  GPE0_BLK                           : 0xAFE0
  GPE1_BLK                           : 0x0
  PM1_EVT_LEN                        : 0x4
  PM1_CNT_LEN                        : 0x2
  PM2_CNT_LEN                        : 0x0
  PM_TMR_LEN                         : 0x4
  GPE0_BLK_LEN                       : 0x4
  GPE1_BLK_LEN                       : 0x0
  GPE1_BASE                          : 0x0
  CST_CNT                            : 0x0
  P_LVL2_LAT                         : 0xFFF
  P_LVL3_LAT                         : 0xFFF
  FLUSH_SIZE                         : 0x0
  FLUSH_STRIDE                       : 0x0
  DUTY_OFFSET                        : 0x0
  DUTY_WIDTH                         : 0x0
  DAY_ALRM                           : 0x0
  MON_ALRM                           : 0x0
  CENTURY                            : 0x32
  IAPC_BOOT_ARCH                     : 0x0
  Reserved                           : 0x0
  Flags                              : 0x80A5
    WBINVD                           : 1
    WBINVD_FLUSH                     : 0
    PROC_C1                          : 1
    P_LVL2_UP                        : 0
    PWR_BUTTON                       : 0
    SLP_BUTTON                       : 1
    FIX_RTC                          : 0
    RTC_S4                           : 1
    TMR_VAL_EXT                      : 0
    DCK_CAP                          : 0
    RESET_REG_SUP                    : 0
    SEALED_CASE                      : 0
    HEADLESS                         : 0
    CPU_SW_SLP                       : 0
    PCI_EXP_WAK                      : 0
    USE_PLATFORM_CLOCK               : 1
    S4_RTC_STS_VALID                 : 0
    REMOTE_POWER_ON_CAPABLE          : 0
    FORCE_APIC_CLUSTER_MODEL         : 0
    FORCE_APIC_PHYSICAL_DESTINATION_MODE : 0
    HW_REDUCED_ACPI                  : 0
    LOW_POWER_S0_IDLE_CAPABLE        : 0
    Reserved                         : 0



 --------------- FACS Table --------------- 

FACS                                 :
  Signature                          : FACS
  Length                             : 64
  Hardware Signature                 : 0x0
  Firmware Waking Vector             : 0x0
  Global Lock                        : 0x0
  Flags                              : 0x0
  X Firmware Walking Vector          : 0x0
  Version                            : 0
  Reserved                           : 0 0 0
  OSPM Flags                         : 0x0
  Reserved                           : 0 0 0 0 0 0 0 0
  Reserved                           : 0 0 0 0 0 0 0 0
  Reserved                           : 0 0 0 0 0 0 0 0


 --------------- DSDT Table --------------- 

Address  : 0x777A000
Length   : 8532
  
00000000 : 44 53 44 54 54 21 00 00 - 01 27 42 4F 43 48 53 20   DSDTT!...'BOCHS 
00000010 : 42 58 50 43 20 20 20 20 - 01 00 00 00 42 58 50 43   BXPC    ....BXPC
00000020 : 01 00 00 00 10 49 04 5C - 00 5B 80 44 42 47 5F 01   .....I.\.[.DBG_.
00000030 : 0B 02 04 01 5B 81 0B 44 - 42 47 5F 01 44 42 47 42   ....[..DBG_.DBGB
00000040 : 08 14 2C 44 42 55 47 01 - 98 68 60 96 60 60 74 87   ..,DBUG..h`.``t.
00000050 : 60 01 61 70 00 62 A2 10 - 95 62 61 70 83 88 60 62   `.ap.b...bap..`b
00000060 : 00 44 42 47 42 75 62 70 - 0A 0A 44 42 47 42 10 4A   .DBGBubp..DBGB.J
00000070 : 07 5F 53 42 5F 5B 82 42 - 07 50 43 49 30 08 5F 48   ._SB_[.B.PCI0._H
00000080 : 49 44 0C 41 D0 0A 03 08 - 5F 55 49 44 00 14 4B 05   ID.A...._UID..K.
00000090 : 45 44 53 4D 0D A0 36 93 - 6A 00 70 11 03 01 00 60   EDSM..6.j.p....`
000000A0 : A0 1A 92 93 68 11 13 0A - 10 D0 37 C9 E5 53 35 7A   ....h.....7..S5z
000000B0 : 4D 91 17 EA 4D 19 C3 43 - 4D A4 60 A0 07 95 69 0A   M...M..CM.`...i.
000000C0 : 02 A4 60 70 0A 81 88 60 - 00 00 A4 60 A0 1C 93 6A   ..`p...`...`...j
000000D0 : 0A 07 70 12 05 02 00 0D - 00 60 70 83 88 6C 00 00   ..p......`p..l..
000000E0 : 61 70 61 88 60 00 00 A4 - 60 10 4C 14 2E 5F 53 42   apa.`...`.L.._SB
000000F0 : 5F 50 43 49 30 5B 80 50 - 43 53 54 01 0B 00 AE 0A   _PCI0[.PCST.....
00000100 : 08 5B 81 10 50 43 53 54 - 43 50 43 49 55 20 50 43   .[..PCSTCPCIU PC
00000110 : 49 44 20 5B 80 53 45 4A - 5F 01 0B 08 AE 0A 04 5B   ID [.SEJ_......[
00000120 : 81 0B 53 45 4A 5F 43 42 - 30 45 4A 20 5B 80 42 4E   ..SEJ_CB0EJ [.BN
00000130 : 4D 52 01 0B 10 AE 0A 08 - 5B 81 10 42 4E 4D 52 43   MR......[..BNMRC
00000140 : 42 4E 55 4D 20 50 49 44 - 58 20 5B 01 42 4C 43 4B   BNUM PIDX [.BLCK
00000150 : 00 14 25 50 43 45 4A 02 - 5B 23 42 4C 43 4B FF FF   ..%PCEJ.[#BLCK..
00000160 : 70 68 42 4E 55 4D 70 79 - 01 69 00 42 30 45 4A 5B   phBNUMpy.i.B0EJ[
00000170 : 27 42 4C 43 4B A4 00 14 - 2B 41 49 44 58 02 5B 23   'BLCK...+AIDX.[#
00000180 : 42 4C 43 4B FF FF 70 68 - 42 4E 55 4D 70 79 01 69   BLCK..phBNUMpy.i
00000190 : 00 50 49 44 58 70 50 49 - 44 58 60 5B 27 42 4C 43   .PIDXpPIDX`['BLC
000001A0 : 4B A4 60 14 42 09 50 44 - 53 4D 0D A0 44 06 93 6A   K.`.B.PDSM..D..j
000001B0 : 00 70 11 03 01 00 60 A0 - 1A 92 93 68 11 13 0A 10   .p....`....h....
000001C0 : D0 37 C9 E5 53 35 7A 4D - 91 17 EA 4D 19 C3 43 4D   .7..S5zM...M..CM
000001D0 : A4 60 A0 07 95 69 0A 02 - A4 60 70 00 61 70 41 49   .`...i...`p.apAI
000001E0 : 44 58 83 88 6C 00 00 83 - 88 6C 01 00 62 A0 1A 92   DX..l....l..b...
000001F0 : 7D 93 62 00 93 62 0C FF - FF FF FF 00 7D 61 01 61   }.b..b......}a.a
00000200 : 7D 61 79 01 0A 07 00 61 - 70 61 88 60 00 00 A4 60   }ay....apa.`...`
00000210 : A0 25 93 6A 0A 07 70 12 - 05 02 00 0D 00 60 70 41   .%.j..p......`pA
00000220 : 49 44 58 83 88 6C 00 00 - 83 88 6C 01 00 62 70 62   IDX..l....l..bpb
00000230 : 88 60 00 00 A4 60 10 48 - 9E 5F 53 42 5F 10 4B 74   .`...`.H._SB_.Kt
00000240 : 50 43 49 30 14 44 74 5F - 50 52 54 00 A4 12 4B 73   PCI0.Dt_PRT...Ks
00000250 : 80 12 0B 04 0B FF FF 00 - 4C 4E 4B 44 00 12 0B 04   ........LNKD....
00000260 : 0B FF FF 01 4C 4E 4B 41 - 00 12 0C 04 0B FF FF 0A   ....LNKA........
00000270 : 02 4C 4E 4B 42 00 12 0C - 04 0B FF FF 0A 03 4C 4E   .LNKB.........LN
00000280 : 4B 43 00 12 0D 04 0C FF - FF 01 00 00 4C 4E 4B 53   KC..........LNKS
00000290 : 00 12 0D 04 0C FF FF 01 - 00 01 4C 4E 4B 42 00 12   ..........LNKB..
000002A0 : 0E 04 0C FF FF 01 00 0A - 02 4C 4E 4B 43 00 12 0E   .........LNKC...
000002B0 : 04 0C FF FF 01 00 0A 03 - 4C 4E 4B 44 00 12 0D 04   ........LNKD....
000002C0 : 0C FF FF 02 00 00 4C 4E - 4B 42 00 12 0D 04 0C FF   ......LNKB......
000002D0 : FF 02 00 01 4C 4E 4B 43 - 00 12 0E 04 0C FF FF 02   ....LNKC........
000002E0 : 00 0A 02 4C 4E 4B 44 00 - 12 0E 04 0C FF FF 02 00   ...LNKD.........
000002F0 : 0A 03 4C 4E 4B 41 00 12 - 0D 04 0C FF FF 03 00 00   ..LNKA..........
00000300 : 4C 4E 4B 43 00 12 0D 04 - 0C FF FF 03 00 01 4C 4E   LNKC..........LN
00000310 : 4B 44 00 12 0E 04 0C FF - FF 03 00 0A 02 4C 4E 4B   KD...........LNK
00000320 : 41 00 12 0E 04 0C FF FF - 03 00 0A 03 4C 4E 4B 42   A...........LNKB
00000330 : 00 12 0D 04 0C FF FF 04 - 00 00 4C 4E 4B 44 00 12   ..........LNKD..
00000340 : 0D 04 0C FF FF 04 00 01 - 4C 4E 4B 41 00 12 0E 04   ........LNKA....
00000350 : 0C FF FF 04 00 0A 02 4C - 4E 4B 42 00 12 0E 04 0C   .......LNKB.....
00000360 : FF FF 04 00 0A 03 4C 4E - 4B 43 00 12 0D 04 0C FF   ......LNKC......
00000370 : FF 05 00 00 4C 4E 4B 41 - 00 12 0D 04 0C FF FF 05   ....LNKA........
00000380 : 00 01 4C 4E 4B 42 00 12 - 0E 04 0C FF FF 05 00 0A   ..LNKB..........
00000390 : 02 4C 4E 4B 43 00 12 0E - 04 0C FF FF 05 00 0A 03   .LNKC...........
000003A0 : 4C 4E 4B 44 00 12 0D 04 - 0C FF FF 06 00 00 4C 4E   LNKD..........LN
000003B0 : 4B 42 00 12 0D 04 0C FF - FF 06 00 01 4C 4E 4B 43   KB..........LNKC
000003C0 : 00 12 0E 04 0C FF FF 06 - 00 0A 02 4C 4E 4B 44 00   ...........LNKD.
000003D0 : 12 0E 04 0C FF FF 06 00 - 0A 03 4C 4E 4B 41 00 12   ..........LNKA..
000003E0 : 0D 04 0C FF FF 07 00 00 - 4C 4E 4B 43 00 12 0D 04   ........LNKC....
000003F0 : 0C FF FF 07 00 01 4C 4E - 4B 44 00 12 0E 04 0C FF   ......LNKD......
00000400 : FF 07 00 0A 02 4C 4E 4B - 41 00 12 0E 04 0C FF FF   .....LNKA.......
00000410 : 07 00 0A 03 4C 4E 4B 42 - 00 12 0D 04 0C FF FF 08   ....LNKB........
00000420 : 00 00 4C 4E 4B 44 00 12 - 0D 04 0C FF FF 08 00 01   ..LNKD..........
00000430 : 4C 4E 4B 41 00 12 0E 04 - 0C FF FF 08 00 0A 02 4C   LNKA...........L
00000440 : 4E 4B 42 00 12 0E 04 0C - FF FF 08 00 0A 03 4C 4E   NKB...........LN
00000450 : 4B 43 00 12 0D 04 0C FF - FF 09 00 00 4C 4E 4B 41   KC..........LNKA
00000460 : 00 12 0D 04 0C FF FF 09 - 00 01 4C 4E 4B 42 00 12   ..........LNKB..
00000470 : 0E 04 0C FF FF 09 00 0A - 02 4C 4E 4B 43 00 12 0E   .........LNKC...
00000480 : 04 0C FF FF 09 00 0A 03 - 4C 4E 4B 44 00 12 0D 04   ........LNKD....
00000490 : 0C FF FF 0A 00 00 4C 4E - 4B 42 00 12 0D 04 0C FF   ......LNKB......
000004A0 : FF 0A 00 01 4C 4E 4B 43 - 00 12 0E 04 0C FF FF 0A   ....LNKC........
000004B0 : 00 0A 02 4C 4E 4B 44 00 - 12 0E 04 0C FF FF 0A 00   ...LNKD.........
000004C0 : 0A 03 4C 4E 4B 41 00 12 - 0D 04 0C FF FF 0B 00 00   ..LNKA..........
000004D0 : 4C 4E 4B 43 00 12 0D 04 - 0C FF FF 0B 00 01 4C 4E   LNKC..........LN
000004E0 : 4B 44 00 12 0E 04 0C FF - FF 0B 00 0A 02 4C 4E 4B   KD...........LNK
000004F0 : 41 00 12 0E 04 0C FF FF - 0B 00 0A 03 4C 4E 4B 42   A...........LNKB
00000500 : 00 12 0D 04 0C FF FF 0C - 00 00 4C 4E 4B 44 00 12   ..........LNKD..
00000510 : 0D 04 0C FF FF 0C 00 01 - 4C 4E 4B 41 00 12 0E 04   ........LNKA....
00000520 : 0C FF FF 0C 00 0A 02 4C - 4E 4B 42 00 12 0E 04 0C   .......LNKB.....
00000530 : FF FF 0C 00 0A 03 4C 4E - 4B 43 00 12 0D 04 0C FF   ......LNKC......
00000540 : FF 0D 00 00 4C 4E 4B 41 - 00 12 0D 04 0C FF FF 0D   ....LNKA........
00000550 : 00 01 4C 4E 4B 42 00 12 - 0E 04 0C FF FF 0D 00 0A   ..LNKB..........
00000560 : 02 4C 4E 4B 43 00 12 0E - 04 0C FF FF 0D 00 0A 03   .LNKC...........
00000570 : 4C 4E 4B 44 00 12 0D 04 - 0C FF FF 0E 00 00 4C 4E   LNKD..........LN
00000580 : 4B 42 00 12 0D 04 0C FF - FF 0E 00 01 4C 4E 4B 43   KB..........LNKC
00000590 : 00 12 0E 04 0C FF FF 0E - 00 0A 02 4C 4E 4B 44 00   ...........LNKD.
000005A0 : 12 0E 04 0C FF FF 0E 00 - 0A 03 4C 4E 4B 41 00 12   ..........LNKA..
000005B0 : 0D 04 0C FF FF 0F 00 00 - 4C 4E 4B 43 00 12 0D 04   ........LNKC....
000005C0 : 0C FF FF 0F 00 01 4C 4E - 4B 44 00 12 0E 04 0C FF   ......LNKD......
000005D0 : FF 0F 00 0A 02 4C 4E 4B - 41 00 12 0E 04 0C FF FF   .....LNKA.......
000005E0 : 0F 00 0A 03 4C 4E 4B 42 - 00 12 0D 04 0C FF FF 10   ....LNKB........
000005F0 : 00 00 4C 4E 4B 44 00 12 - 0D 04 0C FF FF 10 00 01   ..LNKD..........
00000600 : 4C 4E 4B 41 00 12 0E 04 - 0C FF FF 10 00 0A 02 4C   LNKA...........L
00000610 : 4E 4B 42 00 12 0E 04 0C - FF FF 10 00 0A 03 4C 4E   NKB...........LN
00000620 : 4B 43 00 12 0D 04 0C FF - FF 11 00 00 4C 4E 4B 41   KC..........LNKA
00000630 : 00 12 0D 04 0C FF FF 11 - 00 01 4C 4E 4B 42 00 12   ..........LNKB..
00000640 : 0E 04 0C FF FF 11 00 0A - 02 4C 4E 4B 43 00 12 0E   .........LNKC...
00000650 : 04 0C FF FF 11 00 0A 03 - 4C 4E 4B 44 00 12 0D 04   ........LNKD....
00000660 : 0C FF FF 12 00 00 4C 4E - 4B 42 00 12 0D 04 0C FF   ......LNKB......
00000670 : FF 12 00 01 4C 4E 4B 43 - 00 12 0E 04 0C FF FF 12   ....LNKC........
00000680 : 00 0A 02 4C 4E 4B 44 00 - 12 0E 04 0C FF FF 12 00   ...LNKD.........
00000690 : 0A 03 4C 4E 4B 41 00 12 - 0D 04 0C FF FF 13 00 00   ..LNKA..........
000006A0 : 4C 4E 4B 43 00 12 0D 04 - 0C FF FF 13 00 01 4C 4E   LNKC..........LN
000006B0 : 4B 44 00 12 0E 04 0C FF - FF 13 00 0A 02 4C 4E 4B   KD...........LNK
000006C0 : 41 00 12 0E 04 0C FF FF - 13 00 0A 03 4C 4E 4B 42   A...........LNKB
000006D0 : 00 12 0D 04 0C FF FF 14 - 00 00 4C 4E 4B 44 00 12   ..........LNKD..
000006E0 : 0D 04 0C FF FF 14 00 01 - 4C 4E 4B 41 00 12 0E 04   ........LNKA....
000006F0 : 0C FF FF 14 00 0A 02 4C - 4E 4B 42 00 12 0E 04 0C   .......LNKB.....
00000700 : FF FF 14 00 0A 03 4C 4E - 4B 43 00 12 0D 04 0C FF   ......LNKC......
00000710 : FF 15 00 00 4C 4E 4B 41 - 00 12 0D 04 0C FF FF 15   ....LNKA........
00000720 : 00 01 4C 4E 4B 42 00 12 - 0E 04 0C FF FF 15 00 0A   ..LNKB..........
00000730 : 02 4C 4E 4B 43 00 12 0E - 04 0C FF FF 15 00 0A 03   .LNKC...........
00000740 : 4C 4E 4B 44 00 12 0D 04 - 0C FF FF 16 00 00 4C 4E   LNKD..........LN
00000750 : 4B 42 00 12 0D 04 0C FF - FF 16 00 01 4C 4E 4B 43   KB..........LNKC
00000760 : 00 12 0E 04 0C FF FF 16 - 00 0A 02 4C 4E 4B 44 00   ...........LNKD.
00000770 : 12 0E 04 0C FF FF 16 00 - 0A 03 4C 4E 4B 41 00 12   ..........LNKA..
00000780 : 0D 04 0C FF FF 17 00 00 - 4C 4E 4B 43 00 12 0D 04   ........LNKC....
00000790 : 0C FF FF 17 00 01 4C 4E - 4B 44 00 12 0E 04 0C FF   ......LNKD......
000007A0 : FF 17 00 0A 02 4C 4E 4B - 41 00 12 0E 04 0C FF FF   .....LNKA.......
000007B0 : 17 00 0A 03 4C 4E 4B 42 - 00 12 0D 04 0C FF FF 18   ....LNKB........
000007C0 : 00 00 4C 4E 4B 44 00 12 - 0D 04 0C FF FF 18 00 01   ..LNKD..........
000007D0 : 4C 4E 4B 41 00 12 0E 04 - 0C FF FF 18 00 0A 02 4C   LNKA...........L
000007E0 : 4E 4B 42 00 12 0E 04 0C - FF FF 18 00 0A 03 4C 4E   NKB...........LN
000007F0 : 4B 43 00 12 0D 04 0C FF - FF 19 00 00 4C 4E 4B 41   KC..........LNKA
00000800 : 00 12 0D 04 0C FF FF 19 - 00 01 4C 4E 4B 42 00 12   ..........LNKB..
00000810 : 0E 04 0C FF FF 19 00 0A - 02 4C 4E 4B 43 00 12 0E   .........LNKC...
00000820 : 04 0C FF FF 19 00 0A 03 - 4C 4E 4B 44 00 12 0D 04   ........LNKD....
00000830 : 0C FF FF 1A 00 00 4C 4E - 4B 42 00 12 0D 04 0C FF   ......LNKB......
00000840 : FF 1A 00 01 4C 4E 4B 43 - 00 12 0E 04 0C FF FF 1A   ....LNKC........
00000850 : 00 0A 02 4C 4E 4B 44 00 - 12 0E 04 0C FF FF 1A 00   ...LNKD.........
00000860 : 0A 03 4C 4E 4B 41 00 12 - 0D 04 0C FF FF 1B 00 00   ..LNKA..........
00000870 : 4C 4E 4B 43 00 12 0D 04 - 0C FF FF 1B 00 01 4C 4E   LNKC..........LN
00000880 : 4B 44 00 12 0E 04 0C FF - FF 1B 00 0A 02 4C 4E 4B   KD...........LNK
00000890 : 41 00 12 0E 04 0C FF FF - 1B 00 0A 03 4C 4E 4B 42   A...........LNKB
000008A0 : 00 12 0D 04 0C FF FF 1C - 00 00 4C 4E 4B 44 00 12   ..........LNKD..
000008B0 : 0D 04 0C FF FF 1C 00 01 - 4C 4E 4B 41 00 12 0E 04   ........LNKA....
000008C0 : 0C FF FF 1C 00 0A 02 4C - 4E 4B 42 00 12 0E 04 0C   .......LNKB.....
000008D0 : FF FF 1C 00 0A 03 4C 4E - 4B 43 00 12 0D 04 0C FF   ......LNKC......
000008E0 : FF 1D 00 00 4C 4E 4B 41 - 00 12 0D 04 0C FF FF 1D   ....LNKA........
000008F0 : 00 01 4C 4E 4B 42 00 12 - 0E 04 0C FF FF 1D 00 0A   ..LNKB..........
00000900 : 02 4C 4E 4B 43 00 12 0E - 04 0C FF FF 1D 00 0A 03   .LNKC...........
00000910 : 4C 4E 4B 44 00 12 0D 04 - 0C FF FF 1E 00 00 4C 4E   LNKD..........LN
00000920 : 4B 42 00 12 0D 04 0C FF - FF 1E 00 01 4C 4E 4B 43   KB..........LNKC
00000930 : 00 12 0E 04 0C FF FF 1E - 00 0A 02 4C 4E 4B 44 00   ...........LNKD.
00000940 : 12 0E 04 0C FF FF 1E 00 - 0A 03 4C 4E 4B 41 00 12   ..........LNKA..
00000950 : 0D 04 0C FF FF 1F 00 00 - 4C 4E 4B 43 00 12 0D 04   ........LNKC....
00000960 : 0C FF FF 1F 00 01 4C 4E - 4B 44 00 12 0E 04 0C FF   ......LNKD......
00000970 : FF 1F 00 0A 02 4C 4E 4B - 41 00 12 0E 04 0C FF FF   .....LNKA.......
00000980 : 1F 00 0A 03 4C 4E 4B 42 - 00 14 13 49 51 53 54 01   ....LNKB...IQST.
00000990 : A0 09 7B 0A 80 68 00 A4 - 0A 09 A4 0A 0B 14 36 49   ..{..h........6I
000009A0 : 51 43 52 09 08 50 52 52 - 30 11 0E 0A 0B 89 06 00   QCR..PRR0.......
000009B0 : 09 01 00 00 00 00 79 00 - 8A 50 52 52 30 0A 05 50   ......y..PRR0..P
000009C0 : 52 52 49 A0 0B 95 68 0A - 80 70 68 50 52 52 49 A4   RRI...h..phPRRI.
000009D0 : 50 52 52 30 5B 82 4C 07 - 4C 4E 4B 41 08 5F 48 49   PRR0[.L.LNKA._HI
000009E0 : 44 0C 41 D0 0C 0F 08 5F - 55 49 44 00 08 5F 50 52   D.A...._UID.._PR
000009F0 : 53 11 16 0A 13 89 0E 00 - 09 03 05 00 00 00 0A 00   S...............
00000A00 : 00 00 0B 00 00 00 79 00 - 14 0F 5F 53 54 41 00 A4   ......y..._STA..
00000A10 : 49 51 53 54 50 52 51 30 - 14 11 5F 44 49 53 00 7D   IQSTPRQ0.._DIS.}
00000A20 : 50 52 51 30 0A 80 50 52 - 51 30 14 0F 5F 43 52 53   PRQ0..PRQ0.._CRS
00000A30 : 00 A4 49 51 43 52 50 52 - 51 30 14 17 5F 53 52 53   ..IQCRPRQ0.._SRS
00000A40 : 01 8A 68 0A 05 50 52 52 - 49 70 50 52 52 49 50 52   ..h..PRRIpPRRIPR
00000A50 : 51 30 5B 82 4C 07 4C 4E - 4B 42 08 5F 48 49 44 0C   Q0[.L.LNKB._HID.
00000A60 : 41 D0 0C 0F 08 5F 55 49 - 44 01 08 5F 50 52 53 11   A...._UID.._PRS.
00000A70 : 16 0A 13 89 0E 00 09 03 - 05 00 00 00 0A 00 00 00   ................
00000A80 : 0B 00 00 00 79 00 14 0F - 5F 53 54 41 00 A4 49 51   ....y..._STA..IQ
00000A90 : 53 54 50 52 51 31 14 11 - 5F 44 49 53 00 7D 50 52   STPRQ1.._DIS.}PR
00000AA0 : 51 31 0A 80 50 52 51 31 - 14 0F 5F 43 52 53 00 A4   Q1..PRQ1.._CRS..
00000AB0 : 49 51 43 52 50 52 51 31 - 14 17 5F 53 52 53 01 8A   IQCRPRQ1.._SRS..
00000AC0 : 68 0A 05 50 52 52 49 70 - 50 52 52 49 50 52 51 31   h..PRRIpPRRIPRQ1
00000AD0 : 5B 82 4D 07 4C 4E 4B 43 - 08 5F 48 49 44 0C 41 D0   [.M.LNKC._HID.A.
00000AE0 : 0C 0F 08 5F 55 49 44 0A - 02 08 5F 50 52 53 11 16   ..._UID..._PRS..
00000AF0 : 0A 13 89 0E 00 09 03 05 - 00 00 00 0A 00 00 00 0B   ................
00000B00 : 00 00 00 79 00 14 0F 5F - 53 54 41 00 A4 49 51 53   ...y..._STA..IQS
00000B10 : 54 50 52 51 32 14 11 5F - 44 49 53 00 7D 50 52 51   TPRQ2.._DIS.}PRQ
00000B20 : 32 0A 80 50 52 51 32 14 - 0F 5F 43 52 53 00 A4 49   2..PRQ2.._CRS..I
00000B30 : 51 43 52 50 52 51 32 14 - 17 5F 53 52 53 01 8A 68   QCRPRQ2.._SRS..h
00000B40 : 0A 05 50 52 52 49 70 50 - 52 52 49 50 52 51 32 5B   ..PRRIpPRRIPRQ2[
00000B50 : 82 4D 07 4C 4E 4B 44 08 - 5F 48 49 44 0C 41 D0 0C   .M.LNKD._HID.A..
00000B60 : 0F 08 5F 55 49 44 0A 03 - 08 5F 50 52 53 11 16 0A   .._UID..._PRS...
00000B70 : 13 89 0E 00 09 03 05 00 - 00 00 0A 00 00 00 0B 00   ................
00000B80 : 00 00 79 00 14 0F 5F 53 - 54 41 00 A4 49 51 53 54   ..y..._STA..IQST
00000B90 : 50 52 51 33 14 11 5F 44 - 49 53 00 7D 50 52 51 33   PRQ3.._DIS.}PRQ3
00000BA0 : 0A 80 50 52 51 33 14 0F - 5F 43 52 53 00 A4 49 51   ..PRQ3.._CRS..IQ
00000BB0 : 43 52 50 52 51 33 14 17 - 5F 53 52 53 01 8A 68 0A   CRPRQ3.._SRS..h.
00000BC0 : 05 50 52 52 49 70 50 52 - 52 49 50 52 51 33 5B 82   .PRRIpPRRIPRQ3[.
00000BD0 : 4F 04 4C 4E 4B 53 08 5F - 48 49 44 0C 41 D0 0C 0F   O.LNKS._HID.A...
00000BE0 : 08 5F 55 49 44 0A 04 08 - 5F 50 52 53 11 0E 0A 0B   ._UID..._PRS....
00000BF0 : 89 06 00 09 01 09 00 00 - 00 79 00 14 09 5F 53 54   .........y..._ST
00000C00 : 41 00 A4 0A 0B 14 06 5F - 44 49 53 00 14 0B 5F 43   A......_DIS..._C
00000C10 : 52 53 00 A4 5F 50 52 53 - 14 06 5F 53 52 53 01 10   RS.._PRS.._SRS..
00000C20 : 4D 08 5F 53 42 5F 5B 82 - 45 08 48 50 45 54 08 5F   M._SB_[.E.HPET._
00000C30 : 48 49 44 0C 41 D0 01 03 - 08 5F 55 49 44 00 5B 80   HID.A...._UID.[.
00000C40 : 48 50 54 4D 00 0C 00 00 - D0 FE 0B 00 04 5B 81 10   HPTM.........[..
00000C50 : 48 50 54 4D 13 56 45 4E - 44 20 50 52 44 5F 20 14   HPTM.VEND PRD_ .
00000C60 : 36 5F 53 54 41 00 70 56 - 45 4E 44 60 70 50 52 44   6_STA.pVEND`pPRD
00000C70 : 5F 61 7A 60 0A 10 60 A0 - 0C 91 93 60 00 93 60 0B   _az`..`....`..`.
00000C80 : FF FF A4 00 A0 0E 91 93 - 61 00 94 61 0C 00 E1 F5   ........a..a....
00000C90 : 05 A4 00 A4 0A 0F 08 5F - 43 52 53 11 11 0A 0E 86   ......._CRS.....
00000CA0 : 09 00 00 00 00 D0 FE 00 - 04 00 00 79 00 10 14 5F   ...........y..._
00000CB0 : 47 50 45 08 5F 48 49 44 - 0D 41 43 50 49 30 30 30   GPE._HID.ACPI000
00000CC0 : 36 00 10 4F 3E 5F 53 42 - 5F 5B 82 48 0A 5C 2F 03   6..O>_SB_[.H.\/.
00000CD0 : 5F 53 42 5F 50 43 49 30 - 50 52 45 53 08 5F 48 49   _SB_PCI0PRES._HI
00000CE0 : 44 0C 41 D0 0A 06 08 5F - 55 49 44 0D 43 50 55 20   D.A...._UID.CPU 
00000CF0 : 48 6F 74 70 6C 75 67 20 - 72 65 73 6F 75 72 63 65   Hotplug resource
00000D00 : 73 00 5B 01 43 50 4C 4B - 00 08 5F 43 52 53 11 0D   s.[.CPLK.._CRS..
00000D10 : 0A 0A 47 01 00 AF 00 AF - 01 0C 79 00 5B 80 50 52   ..G.......y.[.PR
00000D20 : 53 54 01 0B 00 AF 0A 0C - 5B 81 28 50 52 53 54 41   ST......[.(PRSTA
00000D30 : 00 20 43 50 45 4E 01 43 - 49 4E 53 01 43 52 4D 56   . CPEN.CINS.CRMV
00000D40 : 01 43 45 4A 30 01 43 45 - 4A 46 01 00 03 43 43 4D   .CEJ0.CEJF...CCM
00000D50 : 44 08 5B 81 12 50 52 53 - 54 03 43 53 45 4C 20 00   D.[..PRST.CSEL .
00000D60 : 20 43 44 41 54 20 14 0C - 5F 49 4E 49 08 70 00 43    CDAT .._INI.p.C
00000D70 : 53 45 4C 5B 82 4D 33 5C - 2E 5F 53 42 5F 43 50 55   SEL[.M3\._SB_CPU
00000D80 : 53 08 5F 48 49 44 0D 41 - 43 50 49 30 30 31 30 00   S._HID.ACPI0010.
00000D90 : 08 5F 43 49 44 0C 41 D0 - 0A 05 14 11 43 54 46 59   ._CID.A.....CTFY
00000DA0 : 02 A0 0A 93 68 00 86 43 - 30 30 30 69 14 48 06 43   ....h..C000i.H.C
00000DB0 : 53 54 41 09 5B 23 5C 2F - 04 5F 53 42 5F 50 43 49   STA.[#\/._SB_PCI
00000DC0 : 30 50 52 45 53 43 50 4C - 4B FF FF 70 68 5C 2F 04   0PRESCPLK..ph\/.
00000DD0 : 5F 53 42 5F 50 43 49 30 - 50 52 45 53 43 53 45 4C   _SB_PCI0PRESCSEL
00000DE0 : 70 00 60 A0 1A 93 5C 2F - 04 5F 53 42 5F 50 43 49   p.`...\/._SB_PCI
00000DF0 : 30 50 52 45 53 43 50 45 - 4E 01 70 0A 0F 60 5B 27   0PRESCPEN.p..`['
00000E00 : 5C 2F 04 5F 53 42 5F 50 - 43 49 30 50 52 45 53 43   \/._SB_PCI0PRESC
00000E10 : 50 4C 4B A4 60 14 4D 05 - 43 45 4A 30 09 5B 23 5C   PLK.`.M.CEJ0.[#\
00000E20 : 2F 04 5F 53 42 5F 50 43 - 49 30 50 52 45 53 43 50   /._SB_PCI0PRESCP
00000E30 : 4C 4B FF FF 70 68 5C 2F - 04 5F 53 42 5F 50 43 49   LK..ph\/._SB_PCI
00000E40 : 30 50 52 45 53 43 53 45 - 4C 70 01 5C 2F 04 5F 53   0PRESCSELp.\/._S
00000E50 : 42 5F 50 43 49 30 50 52 - 45 53 43 45 4A 30 5B 27   B_PCI0PRESCEJ0['
00000E60 : 5C 2F 04 5F 53 42 5F 50 - 43 49 30 50 52 45 53 43   \/._SB_PCI0PRESC
00000E70 : 50 4C 4B 14 46 16 43 53 - 43 4E 08 5B 23 5C 2F 04   PLK.F.CSCN.[#\/.
00000E80 : 5F 53 42 5F 50 43 49 30 - 50 52 45 53 43 50 4C 4B   _SB_PCI0PRESCPLK
00000E90 : FF FF 08 43 4E 45 57 12 - 02 FF 70 00 63 70 01 64   ...CNEW...p.cp.d
00000EA0 : A2 44 12 93 64 01 70 00 - 64 70 01 60 70 00 61 A2   .D..d.p.dp.`p.a.
00000EB0 : 4C 0C 90 93 60 01 95 63 - 01 70 00 60 70 63 5C 2F   L...`..c.p.`pc\/
00000EC0 : 04 5F 53 42 5F 50 43 49 - 30 50 52 45 53 43 53 45   ._SB_PCI0PRESCSE
00000ED0 : 4C 70 00 5C 2F 04 5F 53 - 42 5F 50 43 49 30 50 52   Lp.\/._SB_PCI0PR
00000EE0 : 45 53 43 43 4D 44 A0 17 - 95 5C 2F 04 5F 53 42 5F   ESCCMD...\/._SB_
00000EF0 : 50 43 49 30 50 52 45 53 - 43 44 41 54 63 A5 A0 09   PCI0PRESCDATc...
00000F00 : 93 61 0A FF 70 01 64 A5 - 70 5C 2F 04 5F 53 42 5F   .a..p.d.p\/._SB_
00000F10 : 50 43 49 30 50 52 45 53 - 43 44 41 54 63 A0 24 93   PCI0PRESCDATc.$.
00000F20 : 5C 2F 04 5F 53 42 5F 50 - 43 49 30 50 52 45 53 43   \/._SB_PCI0PRESC
00000F30 : 49 4E 53 01 70 63 88 43 - 4E 45 57 61 00 75 61 70   INS.pc.CNEWa.uap
00000F40 : 01 60 A1 37 A0 35 93 5C - 2F 04 5F 53 42 5F 50 43   .`.7.5.\/._SB_PC
00000F50 : 49 30 50 52 45 53 43 52 - 4D 56 01 43 54 46 59 63   I0PRESCRMV.CTFYc
00000F60 : 0A 03 70 01 5C 2F 04 5F - 53 42 5F 50 43 49 30 50   ..p.\/._SB_PCI0P
00000F70 : 52 45 53 43 52 4D 56 70 - 01 60 75 63 70 00 62 A2   RESCRMVp.`ucp.b.
00000F80 : 45 04 95 62 61 70 83 88 - 43 4E 45 57 62 00 63 43   E..bap..CNEWb.cC
00000F90 : 54 46 59 63 01 70 63 5B - 31 70 63 5C 2F 04 5F 53   TFYc.pc[1pc\/._S
00000FA0 : 42 5F 50 43 49 30 50 52 - 45 53 43 53 45 4C 70 01   B_PCI0PRESCSELp.
00000FB0 : 5C 2F 04 5F 53 42 5F 50 - 43 49 30 50 52 45 53 43   \/._SB_PCI0PRESC
00000FC0 : 49 4E 53 75 62 5B 27 5C - 2F 04 5F 53 42 5F 50 43   INSub['\/._SB_PC
00000FD0 : 49 30 50 52 45 53 43 50 - 4C 4B 14 4D 09 43 4F 53   I0PRESCPLK.M.COS
00000FE0 : 54 0C 5B 23 5C 2F 04 5F - 53 42 5F 50 43 49 30 50   T.[#\/._SB_PCI0P
00000FF0 : 52 45 53 43 50 4C 4B FF - FF 70 68 5C 2F 04 5F 53   RESCPLK..ph\/._S
00001000 : 42 5F 50 43 49 30 50 52 - 45 53 43 53 45 4C 70 01   B_PCI0PRESCSELp.
00001010 : 5C 2F 04 5F 53 42 5F 50 - 43 49 30 50 52 45 53 43   \/._SB_PCI0PRESC
00001020 : 43 4D 44 70 69 5C 2F 04 - 5F 53 42 5F 50 43 49 30   CMDpi\/._SB_PCI0
00001030 : 50 52 45 53 43 44 41 54 - 70 0A 02 5C 2F 04 5F 53   PRESCDATp..\/._S
00001040 : 42 5F 50 43 49 30 50 52 - 45 53 43 43 4D 44 70 6A   B_PCI0PRESCCMDpj
00001050 : 5C 2F 04 5F 53 42 5F 50 - 43 49 30 50 52 45 53 43   \/._SB_PCI0PRESC
00001060 : 44 41 54 5B 27 5C 2F 04 - 5F 53 42 5F 50 43 49 30   DAT['\/._SB_PCI0
00001070 : 50 52 45 53 43 50 4C 4B - 5B 83 38 43 30 30 30 00   PRESCPLK[.8C000.
00001080 : 00 00 00 00 00 14 0C 5F - 53 54 41 08 A4 43 53 54   ......._STA..CST
00001090 : 41 00 08 5F 4D 41 54 11 - 0B 0A 08 00 08 00 00 01   A.._MAT.........
000010A0 : 00 00 00 14 0E 5F 4F 53 - 54 0B 43 4F 53 54 00 68   ....._OST.COST.h
000010B0 : 69 6A 14 1B 5C 2E 5F 47 - 50 45 5F 45 30 32 00 5C   ij..\._GPE_E02.\
000010C0 : 2F 03 5F 53 42 5F 43 50 - 55 53 43 53 43 4E 10 43   /._SB_CPUSCSCN.C
000010D0 : 14 5C 2E 5F 53 42 5F 50 - 43 49 30 08 5F 43 52 53   .\._SB_PCI0._CRS
000010E0 : 11 40 0A 0A 9C 88 0D 00 - 02 0C 00 00 00 00 00 FF   .@..............
000010F0 : 00 00 00 00 01 47 01 F8 - 0C F8 0C 01 08 88 0D 00   .....G..........
00001100 : 01 0C 03 00 00 00 00 F7 - 0C 00 00 F8 0C 88 0D 00   ................
00001110 : 01 0C 03 00 00 00 0D FF - FF 00 00 00 F3 87 17 00   ................
00001120 : 00 0C 03 00 00 00 00 00 - 00 0A 00 FF FF 0B 00 00   ................
00001130 : 00 00 00 00 00 02 00 87 - 17 00 00 0C 01 00 00 00   ................
00001140 : 00 00 00 00 08 FF FF BF - FE 00 00 00 00 00 00 C0   ................
00001150 : F6 8A 2B 00 00 0C 03 00 - 00 00 00 00 00 00 00 00   ..+.............
00001160 : 00 00 00 01 00 00 00 FF - FF FF 7F 01 00 00 00 00   ................
00001170 : 00 00 00 00 00 00 00 00 - 00 00 80 00 00 00 00 79   ...............y
00001180 : 00 5B 82 43 04 47 50 45 - 30 08 5F 48 49 44 0D 50   .[.C.GPE0._HID.P
00001190 : 4E 50 30 41 30 36 00 08 - 5F 55 49 44 0D 47 50 45   NP0A06.._UID.GPE
000011A0 : 30 20 72 65 73 6F 75 72 - 63 65 73 00 08 5F 53 54   0 resources.._ST
000011B0 : 41 0A 0B 08 5F 43 52 53 - 11 0D 0A 0A 47 01 E0 AF   A..._CRS....G...
000011C0 : E0 AF 01 04 79 00 5B 82 - 4A 04 50 48 50 52 08 5F   ....y.[.J.PHPR._
000011D0 : 48 49 44 0D 50 4E 50 30 - 41 30 36 00 08 5F 55 49   HID.PNP0A06.._UI
000011E0 : 44 0D 50 43 49 20 48 6F - 74 70 6C 75 67 20 72 65   D.PCI Hotplug re
000011F0 : 73 6F 75 72 63 65 73 00 - 08 5F 53 54 41 0A 0B 08   sources.._STA...
00001200 : 5F 43 52 53 11 0D 0A 0A - 47 01 00 AE 00 AE 01 18   _CRS....G.......
00001210 : 79 00 10 29 5C 00 08 5F - 53 33 5F 12 06 04 01 01   y..)\.._S3_.....
00001220 : 00 00 08 5F 53 34 5F 12 - 08 04 0A 02 0A 02 00 00   ..._S4_.........
00001230 : 08 5F 53 35 5F 12 06 04 - 00 00 00 00 10 3B 5C 2E   ._S5_........;\.
00001240 : 5F 53 42 5F 50 43 49 30 - 5B 82 2E 46 57 43 46 08   _SB_PCI0[..FWCF.
00001250 : 5F 48 49 44 0D 51 45 4D - 55 30 30 30 32 00 08 5F   _HID.QEMU0002.._
00001260 : 53 54 41 0A 0B 08 5F 43 - 52 53 11 0D 0A 0A 47 01   STA..._CRS....G.
00001270 : 10 05 10 05 01 0C 79 00 - 10 4F E6 5C 5F 53 42 5F   ......y..O.\_SB_
00001280 : 10 47 E6 50 43 49 30 5B - 82 0B 53 30 30 5F 08 5F   .G.PCI0[..S00_._
00001290 : 41 44 52 00 5B 82 46 1B - 53 30 38 5F 08 5F 41 44   ADR.[.F.S08_._AD
000012A0 : 52 0C 00 00 01 00 5B 80 - 50 34 30 43 02 0A 60 0A   R.....[.P40C..`.
000012B0 : 04 10 2C 5C 5F 53 42 5F - 5B 81 24 2F 03 50 43 49   ..,\_SB_[.$/.PCI
000012C0 : 30 53 30 38 5F 50 34 30 - 43 01 50 52 51 30 08 50   0S08_P40C.PRQ0.P
000012D0 : 52 51 31 08 50 52 51 32 - 08 50 52 51 33 08 5B 82   RQ1.PRQ2.PRQ3.[.
000012E0 : 34 4B 42 44 5F 08 5F 48 - 49 44 0C 41 D0 03 03 08   4KBD_._HID.A....
000012F0 : 5F 53 54 41 0A 0F 08 5F - 43 52 53 11 18 0A 15 47   _STA..._CRS....G
00001300 : 01 60 00 60 00 01 01 47 - 01 64 00 64 00 01 01 22   .`.`...G.d.d..."
00001310 : 02 00 79 00 5B 82 24 4D - 4F 55 5F 08 5F 48 49 44   ..y.[.$MOU_._HID
00001320 : 0C 41 D0 0F 13 08 5F 53 - 54 41 0A 0F 08 5F 43 52   .A...._STA..._CR
00001330 : 53 11 08 0A 05 22 00 10 - 79 00 5B 82 41 08 46 44   S...."..y.[.A.FD
00001340 : 43 30 08 5F 48 49 44 0C - 41 D0 07 00 08 5F 43 52   C0._HID.A...._CR
00001350 : 53 11 1B 0A 18 47 01 F2 - 03 F2 03 00 04 47 01 F7   S....G.......G..
00001360 : 03 F7 03 00 01 22 40 00 - 2A 04 00 79 00 5B 82 31   ....."@.*..y.[.1
00001370 : 46 4C 50 41 08 5F 41 44 - 52 00 08 5F 46 44 49 12   FLPA._ADR.._FDI.
00001380 : 20 10 00 0A 05 0A 4F 0A - 30 01 0A AF 0A 02 0A 25    .....O.0......%
00001390 : 0A 02 0A 12 0A 1B 0A FF - 0A 6C 0A F6 0A 0F 0A 08   .........l......
000013A0 : 08 5F 46 44 45 11 17 0A - 14 01 00 00 00 00 00 00   ._FDE...........
000013B0 : 00 00 00 00 00 00 00 00 - 00 02 00 00 00 5B 82 32   .............[.2
000013C0 : 4C 50 54 31 08 5F 48 49 - 44 0C 41 D0 04 00 08 5F   LPT1._HID.A...._
000013D0 : 55 49 44 01 08 5F 53 54 - 41 0A 0F 08 5F 43 52 53   UID.._STA..._CRS
000013E0 : 11 10 0A 0D 47 01 78 03 - 78 03 08 08 22 80 00 79   ....G.x.x..."..y
000013F0 : 00 5B 82 32 43 4F 4D 31 - 08 5F 48 49 44 0C 41 D0   .[.2COM1._HID.A.
00001400 : 05 01 08 5F 55 49 44 01 - 08 5F 53 54 41 0A 0F 08   ..._UID.._STA...
00001410 : 5F 43 52 53 11 10 0A 0D - 47 01 F8 03 F8 03 00 08   _CRS....G.......
00001420 : 22 10 00 79 00 5B 82 25 - 52 54 43 5F 08 5F 48 49   "..y.[.%RTC_._HI
00001430 : 44 0C 41 D0 0B 00 08 5F - 43 52 53 11 10 0A 0D 47   D.A...._CRS....G
00001440 : 01 70 00 70 00 01 08 22 - 00 01 79 00 5B 82 0F 53   .p.p..."..y.[..S
00001450 : 30 39 5F 08 5F 41 44 52 - 0C 01 00 01 00 5B 82 0F   09_._ADR.....[..
00001460 : 53 30 42 5F 08 5F 41 44 - 52 0C 03 00 01 00 5B 82   S0B_._ADR.....[.
00001470 : 2A 53 31 30 5F 08 5F 41 - 44 52 0C 00 00 02 00 14   *S10_._ADR......
00001480 : 08 5F 53 31 44 00 A4 00 - 14 08 5F 53 32 44 00 A4   ._S1D....._S2D..
00001490 : 00 14 08 5F 53 33 44 00 - A4 00 5B 82 0F 53 31 38   ..._S3D...[..S18
000014A0 : 5F 08 5F 41 44 52 0C 00 - 00 03 00 08 42 53 45 4C   _._ADR......BSEL
000014B0 : 00 10 41 05 53 31 38 5F - 08 41 53 55 4E 0A 03 14   ..A.S18_.ASUN...
000014C0 : 29 5F 44 53 4D 0C 70 12 - 04 02 00 00 60 70 42 53   )_DSM.p.....`pBS
000014D0 : 45 4C 88 60 00 00 70 41 - 53 55 4E 88 60 01 00 A4   EL.`..pASUN.`...
000014E0 : 50 44 53 4D 68 69 6A 6B - 60 08 5F 53 55 4E 0A 03   PDSMhijk`._SUN..
000014F0 : 14 12 5F 45 4A 30 01 50 - 43 45 4A 42 53 45 4C 5F   .._EJ0.PCEJBSEL_
00001500 : 53 55 4E 5B 82 4B 05 53 - 32 30 5F 08 5F 41 44 52   SUN[.K.S20_._ADR
00001510 : 0C 00 00 04 00 08 41 53 - 55 4E 0A 04 14 29 5F 44   ......ASUN...)_D
00001520 : 53 4D 0C 70 12 04 02 00 - 00 60 70 42 53 45 4C 88   SM.p.....`pBSEL.
00001530 : 60 00 00 70 41 53 55 4E - 88 60 01 00 A4 50 44 53   `..pASUN.`...PDS
00001540 : 4D 68 69 6A 6B 60 08 5F - 53 55 4E 0A 04 14 12 5F   Mhijk`._SUN...._
00001550 : 45 4A 30 01 50 43 45 4A - 42 53 45 4C 5F 53 55 4E   EJ0.PCEJBSEL_SUN
00001560 : 5B 82 4B 05 53 32 38 5F - 08 5F 41 44 52 0C 00 00   [.K.S28_._ADR...
00001570 : 05 00 08 41 53 55 4E 0A - 05 14 29 5F 44 53 4D 0C   ...ASUN...)_DSM.
00001580 : 70 12 04 02 00 00 60 70 - 42 53 45 4C 88 60 00 00   p.....`pBSEL.`..
00001590 : 70 41 53 55 4E 88 60 01 - 00 A4 50 44 53 4D 68 69   pASUN.`...PDSMhi
000015A0 : 6A 6B 60 08 5F 53 55 4E - 0A 05 14 12 5F 45 4A 30   jk`._SUN...._EJ0
000015B0 : 01 50 43 45 4A 42 53 45 - 4C 5F 53 55 4E 5B 82 4B   .PCEJBSEL_SUN[.K
000015C0 : 05 53 33 30 5F 08 5F 41 - 44 52 0C 00 00 06 00 08   .S30_._ADR......
000015D0 : 41 53 55 4E 0A 06 14 29 - 5F 44 53 4D 0C 70 12 04   ASUN...)_DSM.p..
000015E0 : 02 00 00 60 70 42 53 45 - 4C 88 60 00 00 70 41 53   ...`pBSEL.`..pAS
000015F0 : 55 4E 88 60 01 00 A4 50 - 44 53 4D 68 69 6A 6B 60   UN.`...PDSMhijk`
00001600 : 08 5F 53 55 4E 0A 06 14 - 12 5F 45 4A 30 01 50 43   ._SUN...._EJ0.PC
00001610 : 45 4A 42 53 45 4C 5F 53 - 55 4E 5B 82 4B 05 53 33   EJBSEL_SUN[.K.S3
00001620 : 38 5F 08 5F 41 44 52 0C - 00 00 07 00 08 41 53 55   8_._ADR......ASU
00001630 : 4E 0A 07 14 29 5F 44 53 - 4D 0C 70 12 04 02 00 00   N...)_DSM.p.....
00001640 : 60 70 42 53 45 4C 88 60 - 00 00 70 41 53 55 4E 88   `pBSEL.`..pASUN.
00001650 : 60 01 00 A4 50 44 53 4D - 68 69 6A 6B 60 08 5F 53   `...PDSMhijk`._S
00001660 : 55 4E 0A 07 14 12 5F 45 - 4A 30 01 50 43 45 4A 42   UN...._EJ0.PCEJB
00001670 : 53 45 4C 5F 53 55 4E 5B - 82 4B 05 53 34 30 5F 08   SEL_SUN[.K.S40_.
00001680 : 5F 41 44 52 0C 00 00 08 - 00 08 41 53 55 4E 0A 08   _ADR......ASUN..
00001690 : 14 29 5F 44 53 4D 0C 70 - 12 04 02 00 00 60 70 42   .)_DSM.p.....`pB
000016A0 : 53 45 4C 88 60 00 00 70 - 41 53 55 4E 88 60 01 00   SEL.`..pASUN.`..
000016B0 : A4 50 44 53 4D 68 69 6A - 6B 60 08 5F 53 55 4E 0A   .PDSMhijk`._SUN.
000016C0 : 08 14 12 5F 45 4A 30 01 - 50 43 45 4A 42 53 45 4C   ..._EJ0.PCEJBSEL
000016D0 : 5F 53 55 4E 5B 82 4B 05 - 53 34 38 5F 08 5F 41 44   _SUN[.K.S48_._AD
000016E0 : 52 0C 00 00 09 00 08 41 - 53 55 4E 0A 09 14 29 5F   R......ASUN...)_
000016F0 : 44 53 4D 0C 70 12 04 02 - 00 00 60 70 42 53 45 4C   DSM.p.....`pBSEL
00001700 : 88 60 00 00 70 41 53 55 - 4E 88 60 01 00 A4 50 44   .`..pASUN.`...PD
00001710 : 53 4D 68 69 6A 6B 60 08 - 5F 53 55 4E 0A 09 14 12   SMhijk`._SUN....
00001720 : 5F 45 4A 30 01 50 43 45 - 4A 42 53 45 4C 5F 53 55   _EJ0.PCEJBSEL_SU
00001730 : 4E 5B 82 4B 05 53 35 30 - 5F 08 5F 41 44 52 0C 00   N[.K.S50_._ADR..
00001740 : 00 0A 00 08 41 53 55 4E - 0A 0A 14 29 5F 44 53 4D   ....ASUN...)_DSM
00001750 : 0C 70 12 04 02 00 00 60 - 70 42 53 45 4C 88 60 00   .p.....`pBSEL.`.
00001760 : 00 70 41 53 55 4E 88 60 - 01 00 A4 50 44 53 4D 68   .pASUN.`...PDSMh
00001770 : 69 6A 6B 60 08 5F 53 55 - 4E 0A 0A 14 12 5F 45 4A   ijk`._SUN...._EJ
00001780 : 30 01 50 43 45 4A 42 53 - 45 4C 5F 53 55 4E 5B 82   0.PCEJBSEL_SUN[.
00001790 : 4B 05 53 35 38 5F 08 5F - 41 44 52 0C 00 00 0B 00   K.S58_._ADR.....
000017A0 : 08 41 53 55 4E 0A 0B 14 - 29 5F 44 53 4D 0C 70 12   .ASUN...)_DSM.p.
000017B0 : 04 02 00 00 60 70 42 53 - 45 4C 88 60 00 00 70 41   ....`pBSEL.`..pA
000017C0 : 53 55 4E 88 60 01 00 A4 - 50 44 53 4D 68 69 6A 6B   SUN.`...PDSMhijk
000017D0 : 60 08 5F 53 55 4E 0A 0B - 14 12 5F 45 4A 30 01 50   `._SUN...._EJ0.P
000017E0 : 43 45 4A 42 53 45 4C 5F - 53 55 4E 5B 82 4B 05 53   CEJBSEL_SUN[.K.S
000017F0 : 36 30 5F 08 5F 41 44 52 - 0C 00 00 0C 00 08 41 53   60_._ADR......AS
00001800 : 55 4E 0A 0C 14 29 5F 44 - 53 4D 0C 70 12 04 02 00   UN...)_DSM.p....
00001810 : 00 60 70 42 53 45 4C 88 - 60 00 00 70 41 53 55 4E   .`pBSEL.`..pASUN
00001820 : 88 60 01 00 A4 50 44 53 - 4D 68 69 6A 6B 60 08 5F   .`...PDSMhijk`._
00001830 : 53 55 4E 0A 0C 14 12 5F - 45 4A 30 01 50 43 45 4A   SUN...._EJ0.PCEJ
00001840 : 42 53 45 4C 5F 53 55 4E - 5B 82 4B 05 53 36 38 5F   BSEL_SUN[.K.S68_
00001850 : 08 5F 41 44 52 0C 00 00 - 0D 00 08 41 53 55 4E 0A   ._ADR......ASUN.
00001860 : 0D 14 29 5F 44 53 4D 0C - 70 12 04 02 00 00 60 70   ..)_DSM.p.....`p
00001870 : 42 53 45 4C 88 60 00 00 - 70 41 53 55 4E 88 60 01   BSEL.`..pASUN.`.
00001880 : 00 A4 50 44 53 4D 68 69 - 6A 6B 60 08 5F 53 55 4E   ..PDSMhijk`._SUN
00001890 : 0A 0D 14 12 5F 45 4A 30 - 01 50 43 45 4A 42 53 45   ...._EJ0.PCEJBSE
000018A0 : 4C 5F 53 55 4E 5B 82 4B - 05 53 37 30 5F 08 5F 41   L_SUN[.K.S70_._A
000018B0 : 44 52 0C 00 00 0E 00 08 - 41 53 55 4E 0A 0E 14 29   DR......ASUN...)
000018C0 : 5F 44 53 4D 0C 70 12 04 - 02 00 00 60 70 42 53 45   _DSM.p.....`pBSE
000018D0 : 4C 88 60 00 00 70 41 53 - 55 4E 88 60 01 00 A4 50   L.`..pASUN.`...P
000018E0 : 44 53 4D 68 69 6A 6B 60 - 08 5F 53 55 4E 0A 0E 14   DSMhijk`._SUN...
000018F0 : 12 5F 45 4A 30 01 50 43 - 45 4A 42 53 45 4C 5F 53   ._EJ0.PCEJBSEL_S
00001900 : 55 4E 5B 82 4B 05 53 37 - 38 5F 08 5F 41 44 52 0C   UN[.K.S78_._ADR.
00001910 : 00 00 0F 00 08 41 53 55 - 4E 0A 0F 14 29 5F 44 53   .....ASUN...)_DS
00001920 : 4D 0C 70 12 04 02 00 00 - 60 70 42 53 45 4C 88 60   M.p.....`pBSEL.`
00001930 : 00 00 70 41 53 55 4E 88 - 60 01 00 A4 50 44 53 4D   ..pASUN.`...PDSM
00001940 : 68 69 6A 6B 60 08 5F 53 - 55 4E 0A 0F 14 12 5F 45   hijk`._SUN...._E
00001950 : 4A 30 01 50 43 45 4A 42 - 53 45 4C 5F 53 55 4E 5B   J0.PCEJBSEL_SUN[
00001960 : 82 4B 05 53 38 30 5F 08 - 5F 41 44 52 0C 00 00 10   .K.S80_._ADR....
00001970 : 00 08 41 53 55 4E 0A 10 - 14 29 5F 44 53 4D 0C 70   ..ASUN...)_DSM.p
00001980 : 12 04 02 00 00 60 70 42 - 53 45 4C 88 60 00 00 70   .....`pBSEL.`..p
00001990 : 41 53 55 4E 88 60 01 00 - A4 50 44 53 4D 68 69 6A   ASUN.`...PDSMhij
000019A0 : 6B 60 08 5F 53 55 4E 0A - 10 14 12 5F 45 4A 30 01   k`._SUN...._EJ0.
000019B0 : 50 43 45 4A 42 53 45 4C - 5F 53 55 4E 5B 82 4B 05   PCEJBSEL_SUN[.K.
000019C0 : 53 38 38 5F 08 5F 41 44 - 52 0C 00 00 11 00 08 41   S88_._ADR......A
000019D0 : 53 55 4E 0A 11 14 29 5F - 44 53 4D 0C 70 12 04 02   SUN...)_DSM.p...
000019E0 : 00 00 60 70 42 53 45 4C - 88 60 00 00 70 41 53 55   ..`pBSEL.`..pASU
000019F0 : 4E 88 60 01 00 A4 50 44 - 53 4D 68 69 6A 6B 60 08   N.`...PDSMhijk`.
00001A00 : 5F 53 55 4E 0A 11 14 12 - 5F 45 4A 30 01 50 43 45   _SUN...._EJ0.PCE
00001A10 : 4A 42 53 45 4C 5F 53 55 - 4E 5B 82 4B 05 53 39 30   JBSEL_SUN[.K.S90
00001A20 : 5F 08 5F 41 44 52 0C 00 - 00 12 00 08 41 53 55 4E   _._ADR......ASUN
00001A30 : 0A 12 14 29 5F 44 53 4D - 0C 70 12 04 02 00 00 60   ...)_DSM.p.....`
00001A40 : 70 42 53 45 4C 88 60 00 - 00 70 41 53 55 4E 88 60   pBSEL.`..pASUN.`
00001A50 : 01 00 A4 50 44 53 4D 68 - 69 6A 6B 60 08 5F 53 55   ...PDSMhijk`._SU
00001A60 : 4E 0A 12 14 12 5F 45 4A - 30 01 50 43 45 4A 42 53   N...._EJ0.PCEJBS
00001A70 : 45 4C 5F 53 55 4E 5B 82 - 4B 05 53 39 38 5F 08 5F   EL_SUN[.K.S98_._
00001A80 : 41 44 52 0C 00 00 13 00 - 08 41 53 55 4E 0A 13 14   ADR......ASUN...
00001A90 : 29 5F 44 53 4D 0C 70 12 - 04 02 00 00 60 70 42 53   )_DSM.p.....`pBS
00001AA0 : 45 4C 88 60 00 00 70 41 - 53 55 4E 88 60 01 00 A4   EL.`..pASUN.`...
00001AB0 : 50 44 53 4D 68 69 6A 6B - 60 08 5F 53 55 4E 0A 13   PDSMhijk`._SUN..
00001AC0 : 14 12 5F 45 4A 30 01 50 - 43 45 4A 42 53 45 4C 5F   .._EJ0.PCEJBSEL_
00001AD0 : 53 55 4E 5B 82 4B 05 53 - 41 30 5F 08 5F 41 44 52   SUN[.K.SA0_._ADR
00001AE0 : 0C 00 00 14 00 08 41 53 - 55 4E 0A 14 14 29 5F 44   ......ASUN...)_D
00001AF0 : 53 4D 0C 70 12 04 02 00 - 00 60 70 42 53 45 4C 88   SM.p.....`pBSEL.
00001B00 : 60 00 00 70 41 53 55 4E - 88 60 01 00 A4 50 44 53   `..pASUN.`...PDS
00001B10 : 4D 68 69 6A 6B 60 08 5F - 53 55 4E 0A 14 14 12 5F   Mhijk`._SUN...._
00001B20 : 45 4A 30 01 50 43 45 4A - 42 53 45 4C 5F 53 55 4E   EJ0.PCEJBSEL_SUN
00001B30 : 5B 82 4B 05 53 41 38 5F - 08 5F 41 44 52 0C 00 00   [.K.SA8_._ADR...
00001B40 : 15 00 08 41 53 55 4E 0A - 15 14 29 5F 44 53 4D 0C   ...ASUN...)_DSM.
00001B50 : 70 12 04 02 00 00 60 70 - 42 53 45 4C 88 60 00 00   p.....`pBSEL.`..
00001B60 : 70 41 53 55 4E 88 60 01 - 00 A4 50 44 53 4D 68 69   pASUN.`...PDSMhi
00001B70 : 6A 6B 60 08 5F 53 55 4E - 0A 15 14 12 5F 45 4A 30   jk`._SUN...._EJ0
00001B80 : 01 50 43 45 4A 42 53 45 - 4C 5F 53 55 4E 5B 82 4B   .PCEJBSEL_SUN[.K
00001B90 : 05 53 42 30 5F 08 5F 41 - 44 52 0C 00 00 16 00 08   .SB0_._ADR......
00001BA0 : 41 53 55 4E 0A 16 14 29 - 5F 44 53 4D 0C 70 12 04   ASUN...)_DSM.p..
00001BB0 : 02 00 00 60 70 42 53 45 - 4C 88 60 00 00 70 41 53   ...`pBSEL.`..pAS
00001BC0 : 55 4E 88 60 01 00 A4 50 - 44 53 4D 68 69 6A 6B 60   UN.`...PDSMhijk`
00001BD0 : 08 5F 53 55 4E 0A 16 14 - 12 5F 45 4A 30 01 50 43   ._SUN...._EJ0.PC
00001BE0 : 45 4A 42 53 45 4C 5F 53 - 55 4E 5B 82 4B 05 53 42   EJBSEL_SUN[.K.SB
00001BF0 : 38 5F 08 5F 41 44 52 0C - 00 00 17 00 08 41 53 55   8_._ADR......ASU
00001C00 : 4E 0A 17 14 29 5F 44 53 - 4D 0C 70 12 04 02 00 00   N...)_DSM.p.....
00001C10 : 60 70 42 53 45 4C 88 60 - 00 00 70 41 53 55 4E 88   `pBSEL.`..pASUN.
00001C20 : 60 01 00 A4 50 44 53 4D - 68 69 6A 6B 60 08 5F 53   `...PDSMhijk`._S
00001C30 : 55 4E 0A 17 14 12 5F 45 - 4A 30 01 50 43 45 4A 42   UN...._EJ0.PCEJB
00001C40 : 53 45 4C 5F 53 55 4E 5B - 82 4B 05 53 43 30 5F 08   SEL_SUN[.K.SC0_.
00001C50 : 5F 41 44 52 0C 00 00 18 - 00 08 41 53 55 4E 0A 18   _ADR......ASUN..
00001C60 : 14 29 5F 44 53 4D 0C 70 - 12 04 02 00 00 60 70 42   .)_DSM.p.....`pB
00001C70 : 53 45 4C 88 60 00 00 70 - 41 53 55 4E 88 60 01 00   SEL.`..pASUN.`..
00001C80 : A4 50 44 53 4D 68 69 6A - 6B 60 08 5F 53 55 4E 0A   .PDSMhijk`._SUN.
00001C90 : 18 14 12 5F 45 4A 30 01 - 50 43 45 4A 42 53 45 4C   ..._EJ0.PCEJBSEL
00001CA0 : 5F 53 55 4E 5B 82 4B 05 - 53 43 38 5F 08 5F 41 44   _SUN[.K.SC8_._AD
00001CB0 : 52 0C 00 00 19 00 08 41 - 53 55 4E 0A 19 14 29 5F   R......ASUN...)_
00001CC0 : 44 53 4D 0C 70 12 04 02 - 00 00 60 70 42 53 45 4C   DSM.p.....`pBSEL
00001CD0 : 88 60 00 00 70 41 53 55 - 4E 88 60 01 00 A4 50 44   .`..pASUN.`...PD
00001CE0 : 53 4D 68 69 6A 6B 60 08 - 5F 53 55 4E 0A 19 14 12   SMhijk`._SUN....
00001CF0 : 5F 45 4A 30 01 50 43 45 - 4A 42 53 45 4C 5F 53 55   _EJ0.PCEJBSEL_SU
00001D00 : 4E 5B 82 4B 05 53 44 30 - 5F 08 5F 41 44 52 0C 00   N[.K.SD0_._ADR..
00001D10 : 00 1A 00 08 41 53 55 4E - 0A 1A 14 29 5F 44 53 4D   ....ASUN...)_DSM
00001D20 : 0C 70 12 04 02 00 00 60 - 70 42 53 45 4C 88 60 00   .p.....`pBSEL.`.
00001D30 : 00 70 41 53 55 4E 88 60 - 01 00 A4 50 44 53 4D 68   .pASUN.`...PDSMh
00001D40 : 69 6A 6B 60 08 5F 53 55 - 4E 0A 1A 14 12 5F 45 4A   ijk`._SUN...._EJ
00001D50 : 30 01 50 43 45 4A 42 53 - 45 4C 5F 53 55 4E 5B 82   0.PCEJBSEL_SUN[.
00001D60 : 4B 05 53 44 38 5F 08 5F - 41 44 52 0C 00 00 1B 00   K.SD8_._ADR.....
00001D70 : 08 41 53 55 4E 0A 1B 14 - 29 5F 44 53 4D 0C 70 12   .ASUN...)_DSM.p.
00001D80 : 04 02 00 00 60 70 42 53 - 45 4C 88 60 00 00 70 41   ....`pBSEL.`..pA
00001D90 : 53 55 4E 88 60 01 00 A4 - 50 44 53 4D 68 69 6A 6B   SUN.`...PDSMhijk
00001DA0 : 60 08 5F 53 55 4E 0A 1B - 14 12 5F 45 4A 30 01 50   `._SUN...._EJ0.P
00001DB0 : 43 45 4A 42 53 45 4C 5F - 53 55 4E 5B 82 4B 05 53   CEJBSEL_SUN[.K.S
00001DC0 : 45 30 5F 08 5F 41 44 52 - 0C 00 00 1C 00 08 41 53   E0_._ADR......AS
00001DD0 : 55 4E 0A 1C 14 29 5F 44 - 53 4D 0C 70 12 04 02 00   UN...)_DSM.p....
00001DE0 : 00 60 70 42 53 45 4C 88 - 60 00 00 70 41 53 55 4E   .`pBSEL.`..pASUN
00001DF0 : 88 60 01 00 A4 50 44 53 - 4D 68 69 6A 6B 60 08 5F   .`...PDSMhijk`._
00001E00 : 53 55 4E 0A 1C 14 12 5F - 45 4A 30 01 50 43 45 4A   SUN...._EJ0.PCEJ
00001E10 : 42 53 45 4C 5F 53 55 4E - 5B 82 4B 05 53 45 38 5F   BSEL_SUN[.K.SE8_
00001E20 : 08 5F 41 44 52 0C 00 00 - 1D 00 08 41 53 55 4E 0A   ._ADR......ASUN.
00001E30 : 1D 14 29 5F 44 53 4D 0C - 70 12 04 02 00 00 60 70   ..)_DSM.p.....`p
00001E40 : 42 53 45 4C 88 60 00 00 - 70 41 53 55 4E 88 60 01   BSEL.`..pASUN.`.
00001E50 : 00 A4 50 44 53 4D 68 69 - 6A 6B 60 08 5F 53 55 4E   ..PDSMhijk`._SUN
00001E60 : 0A 1D 14 12 5F 45 4A 30 - 01 50 43 45 4A 42 53 45   ...._EJ0.PCEJBSE
00001E70 : 4C 5F 53 55 4E 5B 82 4B - 05 53 46 30 5F 08 5F 41   L_SUN[.K.SF0_._A
00001E80 : 44 52 0C 00 00 1E 00 08 - 41 53 55 4E 0A 1E 14 29   DR......ASUN...)
00001E90 : 5F 44 53 4D 0C 70 12 04 - 02 00 00 60 70 42 53 45   _DSM.p.....`pBSE
00001EA0 : 4C 88 60 00 00 70 41 53 - 55 4E 88 60 01 00 A4 50   L.`..pASUN.`...P
00001EB0 : 44 53 4D 68 69 6A 6B 60 - 08 5F 53 55 4E 0A 1E 14   DSMhijk`._SUN...
00001EC0 : 12 5F 45 4A 30 01 50 43 - 45 4A 42 53 45 4C 5F 53   ._EJ0.PCEJBSEL_S
00001ED0 : 55 4E 5B 82 4B 05 53 46 - 38 5F 08 5F 41 44 52 0C   UN[.K.SF8_._ADR.
00001EE0 : 00 00 1F 00 08 41 53 55 - 4E 0A 1F 14 29 5F 44 53   .....ASUN...)_DS
00001EF0 : 4D 0C 70 12 04 02 00 00 - 60 70 42 53 45 4C 88 60   M.p.....`pBSEL.`
00001F00 : 00 00 70 41 53 55 4E 88 - 60 01 00 A4 50 44 53 4D   ..pASUN.`...PDSM
00001F10 : 68 69 6A 6B 60 08 5F 53 - 55 4E 0A 1F 14 12 5F 45   hijk`._SUN...._E
00001F20 : 4A 30 01 50 43 45 4A 42 - 53 45 4C 5F 53 55 4E 14   J0.PCEJBSEL_SUN.
00001F30 : 48 1B 44 56 4E 54 02 A0 - 0C 7B 68 0A 08 00 86 53   H.DVNT...{h....S
00001F40 : 31 38 5F 69 A0 0C 7B 68 - 0A 10 00 86 53 32 30 5F   18_i..{h....S20_
00001F50 : 69 A0 0C 7B 68 0A 20 00 - 86 53 32 38 5F 69 A0 0C   i..{h. ..S28_i..
00001F60 : 7B 68 0A 40 00 86 53 33 - 30 5F 69 A0 0C 7B 68 0A   {h.@..S30_i..{h.
00001F70 : 80 00 86 53 33 38 5F 69 - A0 0D 7B 68 0B 00 01 00   ...S38_i..{h....
00001F80 : 86 53 34 30 5F 69 A0 0D - 7B 68 0B 00 02 00 86 53   .S40_i..{h.....S
00001F90 : 34 38 5F 69 A0 0D 7B 68 - 0B 00 04 00 86 53 35 30   48_i..{h.....S50
00001FA0 : 5F 69 A0 0D 7B 68 0B 00 - 08 00 86 53 35 38 5F 69   _i..{h.....S58_i
00001FB0 : A0 0D 7B 68 0B 00 10 00 - 86 53 36 30 5F 69 A0 0D   ..{h.....S60_i..
00001FC0 : 7B 68 0B 00 20 00 86 53 - 36 38 5F 69 A0 0D 7B 68   {h.. ..S68_i..{h
00001FD0 : 0B 00 40 00 86 53 37 30 - 5F 69 A0 0D 7B 68 0B 00   ..@..S70_i..{h..
00001FE0 : 80 00 86 53 37 38 5F 69 - A0 0F 7B 68 0C 00 00 01   ...S78_i..{h....
00001FF0 : 00 00 86 53 38 30 5F 69 - A0 0F 7B 68 0C 00 00 02   ...S80_i..{h....
00002000 : 00 00 86 53 38 38 5F 69 - A0 0F 7B 68 0C 00 00 04   ...S88_i..{h....
00002010 : 00 00 86 53 39 30 5F 69 - A0 0F 7B 68 0C 00 00 08   ...S90_i..{h....
00002020 : 00 00 86 53 39 38 5F 69 - A0 0F 7B 68 0C 00 00 10   ...S98_i..{h....
00002030 : 00 00 86 53 41 30 5F 69 - A0 0F 7B 68 0C 00 00 20   ...SA0_i..{h... 
00002040 : 00 00 86 53 41 38 5F 69 - A0 0F 7B 68 0C 00 00 40   ...SA8_i..{h...@
00002050 : 00 00 86 53 42 30 5F 69 - A0 0F 7B 68 0C 00 00 80   ...SB0_i..{h....
00002060 : 00 00 86 53 42 38 5F 69 - A0 0F 7B 68 0C 00 00 00   ...SB8_i..{h....
00002070 : 01 00 86 53 43 30 5F 69 - A0 0F 7B 68 0C 00 00 00   ...SC0_i..{h....
00002080 : 02 00 86 53 43 38 5F 69 - A0 0F 7B 68 0C 00 00 00   ...SC8_i..{h....
00002090 : 04 00 86 53 44 30 5F 69 - A0 0F 7B 68 0C 00 00 00   ...SD0_i..{h....
000020A0 : 08 00 86 53 44 38 5F 69 - A0 0F 7B 68 0C 00 00 00   ...SD8_i..{h....
000020B0 : 10 00 86 53 45 30 5F 69 - A0 0F 7B 68 0C 00 00 00   ...SE0_i..{h....
000020C0 : 20 00 86 53 45 38 5F 69 - A0 0F 7B 68 0C 00 00 00    ..SE8_i..{h....
000020D0 : 40 00 86 53 46 30 5F 69 - A0 0F 7B 68 0C 00 00 00   @..SF0_i..{h....
000020E0 : 80 00 86 53 46 38 5F 69 - 10 2B 5C 2E 5F 53 42 5F   ...SF8_i.+\._SB_
000020F0 : 50 43 49 30 14 1F 50 43 - 4E 54 00 70 00 42 4E 55   PCI0..PCNT.p.BNU
00002100 : 4D 44 56 4E 54 50 43 49 - 55 01 44 56 4E 54 50 43   MDVNTPCIU.DVNTPC
00002110 : 49 44 0A 03 10 3F 5F 47 - 50 45 14 39 5F 45 30 31   ID...?_GPE.9_E01
00002120 : 00 5B 23 5C 2F 03 5F 53 - 42 5F 50 43 49 30 42 4C   .[#\/._SB_PCI0BL
00002130 : 43 4B FF FF 5C 2F 03 5F - 53 42 5F 50 43 49 30 50   CK..\/._SB_PCI0P
00002140 : 43 4E 54 5B 27 5C 2F 03 - 5F 53 42 5F 50 43 49 30   CNT['\/._SB_PCI0
00002150 : 42 4C 43 4B                                         BLCK

Table Checksum : OK

ACPI Table Header                    :
  Signature                          : DSDT
  Length                             : 8532
  Revision                           : 1
  Checksum                           : 0x27
  Oem ID                             : BOCHS 
  Oem Table ID                       : BXPC    
  Oem Revision                       : 0x1
  Creator ID                         : BXPC
  Creator Revision                   : 0x1


 --------------- APIC Table --------------- 

Address  : 0x7778000
Length   : 120
  
00000000 : 41 50 49 43 78 00 00 00 - 03 88 42 4F 43 48 53 20   APICx.....BOCHS 
00000010 : 42 58 50 43 20 20 20 20 - 01 00 00 00 42 58 50 43   BXPC    ....BXPC
00000020 : 01 00 00 00 00 00 E0 FE - 01 00 00 00 00 08 00 00   ................
00000030 : 01 00 00 00 01 0C 00 00 - 00 00 C0 FE 00 00 00 00   ................
00000040 : 02 0A 00 00 02 00 00 00 - 00 00 02 0A 00 05 05 00   ................
00000050 : 00 00 0D 00 02 0A 00 09 - 09 00 00 00 0D 00 02 0A   ................
00000060 : 00 0A 0A 00 00 00 0D 00 - 02 0A 00 0B 0B 00 00 00   ................
00000070 : 0D 00 04 06 FF 00 00 01                             ........

Table Checksum : OK

MADT                                 :
  Signature                          : APIC
  Length                             : 120
  Revision                           : 3
  Checksum                           : 0x88
  Oem ID                             : BOCHS 
  Oem Table ID                       : BXPC    
  Oem Revision                       : 0x1
  Creator ID                         : BXPC
  Creator Revision                   : 0x1
  Local Interrupt Controller Address : 0xFEE00000
  Flags                              : 0x1
  PROCESSOR LOCAL APIC               :
    Type                             : 0x0
    Length                           : 8
    ACPI Processor UID               : 0x0
    APIC ID                          : 0x0
    Flags                            : 0x1
      Enabled                        : 1
      Online Capable                 : 0
      Reserved                       : 0

  IO APIC                            :
    Type                             : 0x1
    Length                           : 12
    I/O APIC ID                      : 0x0
    Reserved                         : 0x0
    I/O APIC Address                 : 0xFEC00000
    Global System Interrupt Base     : 0x0
  INTERRUPT SOURCE OVERRIDE          :
    Type                             : 0x2
    Length                           : 10
    Bus                              : 0x0
    Source                           : 0x0
    Global System Interrupt          : 0x2
    Flags                            : 0x0
  INTERRUPT SOURCE OVERRIDE          :
    Type                             : 0x2
    Length                           : 10
    Bus                              : 0x0
    Source                           : 0x5
    Global System Interrupt          : 0x5
    Flags                            : 0xD
  INTERRUPT SOURCE OVERRIDE          :
    Type                             : 0x2
    Length                           : 10
    Bus                              : 0x0
    Source                           : 0x9
    Global System Interrupt          : 0x9
    Flags                            : 0xD
  INTERRUPT SOURCE OVERRIDE          :
    Type                             : 0x2
    Length                           : 10
    Bus                              : 0x0
    Source                           : 0xA
    Global System Interrupt          : 0xA
    Flags                            : 0xD
  INTERRUPT SOURCE OVERRIDE          :
    Type                             : 0x2
    Length                           : 10
    Bus                              : 0x0
    Source                           : 0xB
    Global System Interrupt          : 0xB
    Flags                            : 0xD
ERROR: Unknown Interrupt Controller Structure, Type = 4, Length = 6


 --------------- HPET Table --------------- 

Address  : 0x7777000
Length   : 56
  
00000000 : 48 50 45 54 38 00 00 00 - 01 B4 42 4F 43 48 53 20   HPET8.....BOCHS 
00000010 : 42 58 50 43 20 20 20 20 - 01 00 00 00 42 58 50 43   BXPC    ....BXPC
00000020 : 01 00 00 00 01 A2 86 80 - 00 00 00 00 00 00 D0 FE   ................
00000030 : 00 00 00 00 00 00 00 00                             ........

Table Checksum : OK

HPET                                 :
  Signature                          : HPET
  Length                             : 56
  Revision                           : 1
  Checksum                           : 0xB4
  Oem ID                             : BOCHS 
  Oem Table ID                       : BXPC    
  Oem Revision                       : 0x1
  Creator ID                         : BXPC
  Creator Revision                   : 0x1
  Event Timer Block ID               : 0x8086A201
    Hardware Rev ID                  : 0x1
    Comparators in 1st Timer Block   : 0x2
    Counter max size                 : 0x1 (Max 64-bit counter size)
    Reserved                         : 0
    LegacyReplacement IRQ Routing    : 1
    PCI Vendor ID of 1st Timer Block : 0x8086

  Base Address                       : 
    Address Space ID                 : 0x0
    Register Bit Width               : 0x0
    Register Bit Offset              : 0x0
    Access Size                      : 0x0
    Address                          : 0xFED00000

  HPET Number                        : 0x0
  Minimum Clock Ticks                : 0x0
  Page Protection and OEM Attributes : 0x0
    Page Protection Flag             : 0x0 (no guarantee for page protection)
    OEM Attributes                   : 0x0



 --------------- WAET Table --------------- 

Address  : 0x7776000
Length   : 40
  
00000000 : 57 41 45 54 28 00 00 00 - 01 39 42 4F 43 48 53 20   WAET(....9BOCHS 
00000010 : 42 58 50 43 20 20 20 20 - 01 00 00 00 42 58 50 43   BXPC    ....BXPC
00000020 : 01 00 00 00 02 00 00 00                             ........

Table Checksum : OK

ACPI Table Header                    :
  Signature                          : WAET
  Length                             : 40
  Revision                           : 1
  Checksum                           : 0x39
  Oem ID                             : BOCHS 
  Oem Table ID                       : BXPC    
  Oem Revision                       : 0x1
  Creator ID                         : BXPC
  Creator Revision                   : 0x1


 --------------- BGRT Table --------------- 

Address  : 0x7775000
Length   : 56
  
00000000 : 42 47 52 54 38 00 00 00 - 01 AD 49 4E 54 45 4C 20   BGRT8.....INTEL 
00000010 : 45 44 4B 32 20 20 20 20 - 02 00 00 00 20 20 20 20   EDK2    ....    
00000020 : 13 00 00 01 01 00 01 00 - 18 40 3E 06 00 00 00 00   .........@>.....
00000030 : 1F 02 00 00 73 01 00 00                             ....s...

Table Checksum : OK

BGRT                                 :
  Signature                          : BGRT
  Length                             : 56
  Revision                           : 1
  Checksum                           : 0xAD
  Oem ID                             : INTEL 
  Oem Table ID                       : EDK2    
  Oem Revision                       : 0x2
  Creator ID                         :     
  Creator Revision                   : 0x1000013
  Version                            : 0x1
  Status                             : 0x1
  Image Type                         : 0x0
  Image Address                      : 0x63E4018
  Image Offset X                     : 543
  Image Offset Y                     : 371

Table Statistics:
	1 Error(s)
	0 Warning(s)
