/media/sf_VirtualBoxShare/UEFI/Build/OvmfX64/RELEASE_GCC5/X64/UefiCpuPkg/Universal/Acpi/S3Resume2Pei/S3Resume2Pei/OUTPUT/S3Resume2Pei.lib
/media/sf_VirtualBoxShare/UEFI/Build/OvmfX64/RELEASE_GCC5/X64/MdePkg/Library/RegisterFilterLibNull/RegisterFilterLibNull/OUTPUT/FilterLibNull.lib
/media/sf_VirtualBoxShare/UEFI/Build/OvmfX64/RELEASE_GCC5/X64/MdePkg/Library/PeiMemoryAllocationLib/PeiMemoryAllocationLib/OUTPUT/PeiMemoryAllocationLib.lib
/media/sf_VirtualBoxShare/UEFI/Build/OvmfX64/RELEASE_GCC5/X64/MdePkg/Library/BaseMemoryLibRepStr/BaseMemoryLibRepStr/OUTPUT/BaseMemoryLibRepStr.lib
/media/sf_VirtualBoxShare/UEFI/Build/OvmfX64/RELEASE_GCC5/X64/MdePkg/Library/PeiPcdLib/PeiPcdLib/OUTPUT/PeiPcdLib.lib
/media/sf_VirtualBoxShare/UEFI/Build/OvmfX64/RELEASE_GCC5/X64/MdePkg/Library/BaseLib/BaseLib/OUTPUT/BaseLib.lib
/media/sf_VirtualBoxShare/UEFI/Build/OvmfX64/RELEASE_GCC5/X64/MdePkg/Library/PeiServicesLib/PeiServicesLib/OUTPUT/PeiServicesLib.lib
/media/sf_VirtualBoxShare/UEFI/Build/OvmfX64/RELEASE_GCC5/X64/MdePkg/Library/PeiHobLib/PeiHobLib/OUTPUT/PeiHobLib.lib
/media/sf_VirtualBoxShare/UEFI/Build/OvmfX64/RELEASE_GCC5/X64/MdePkg/Library/PeiServicesTablePointerLibIdt/PeiServicesTablePointerLibIdt/OUTPUT/PeiServicesTablePointerLibIdt.lib
/media/sf_VirtualBoxShare/UEFI/Build/OvmfX64/RELEASE_GCC5/X64/MdePkg/Library/TdxLib/TdxLib/OUTPUT/TdxLib.lib
/media/sf_VirtualBoxShare/UEFI/Build/OvmfX64/RELEASE_GCC5/X64/OvmfPkg/Library/CcProbeLib/SecPeiCcProbeLib/OUTPUT/SecPeiCcProbeLib.lib
/media/sf_VirtualBoxShare/UEFI/Build/OvmfX64/RELEASE_GCC5/X64/MdePkg/Library/BaseDebugPrintErrorLevelLib/BaseDebugPrintErrorLevelLib/OUTPUT/BaseDebugPrintErrorLevelLib.lib
/media/sf_VirtualBoxShare/UEFI/Build/OvmfX64/RELEASE_GCC5/X64/MdePkg/Library/BasePrintLib/BasePrintLib/OUTPUT/BasePrintLib.lib
/media/sf_VirtualBoxShare/UEFI/Build/OvmfX64/RELEASE_GCC5/X64/MdePkg/Library/BaseIoLibIntrinsic/BaseIoLibIntrinsicSev/OUTPUT/BaseIoLibIntrinsicSev.lib
/media/sf_VirtualBoxShare/UEFI/Build/OvmfX64/RELEASE_GCC5/X64/OvmfPkg/Library/PlatformDebugLibIoPort/PlatformRomDebugLibIoPort/OUTPUT/PlatformRomDebugLibIoPort.lib
/media/sf_VirtualBoxShare/UEFI/Build/OvmfX64/RELEASE_GCC5/X64/MdePkg/Library/BasePciCf8Lib/BasePciCf8Lib/OUTPUT/BasePciCf8Lib.lib
/media/sf_VirtualBoxShare/UEFI/Build/OvmfX64/RELEASE_GCC5/X64/MdePkg/Library/BasePciLibCf8/BasePciLibCf8/OUTPUT/BasePciLibCf8.lib
/media/sf_VirtualBoxShare/UEFI/Build/OvmfX64/RELEASE_GCC5/X64/OvmfPkg/Library/AcpiTimerLib/BaseAcpiTimerLib/OUTPUT/BaseAcpiTimerLib.lib
/media/sf_VirtualBoxShare/UEFI/Build/OvmfX64/RELEASE_GCC5/X64/MdePkg/Library/BaseCpuLib/BaseCpuLib/OUTPUT/BaseCpuLib.lib
/media/sf_VirtualBoxShare/UEFI/Build/OvmfX64/RELEASE_GCC5/X64/MdeModulePkg/Library/OemHookStatusCodeLibNull/OemHookStatusCodeLibNull/OUTPUT/OemHookStatusCodeLibNull.lib
/media/sf_VirtualBoxShare/UEFI/Build/OvmfX64/RELEASE_GCC5/X64/MdePkg/Library/BasePerformanceLibNull/BasePerformanceLibNull/OUTPUT/BasePerformanceLibNull.lib
/media/sf_VirtualBoxShare/UEFI/Build/OvmfX64/RELEASE_GCC5/X64/MdePkg/Library/PeimEntryPoint/PeimEntryPoint/OUTPUT/PeimEntryPoint.lib
/media/sf_VirtualBoxShare/UEFI/Build/OvmfX64/RELEASE_GCC5/X64/MdeModulePkg/Library/DebugAgentLibNull/DebugAgentLibNull/OUTPUT/DebugAgentLibNull.lib
/media/sf_VirtualBoxShare/UEFI/Build/OvmfX64/RELEASE_GCC5/X64/UefiCpuPkg/Library/BaseXApicX2ApicLib/BaseXApicX2ApicLib/OUTPUT/BaseXApicX2ApicLib.lib
/media/sf_VirtualBoxShare/UEFI/Build/OvmfX64/RELEASE_GCC5/X64/MdeModulePkg/Library/PeiReportStatusCodeLib/PeiReportStatusCodeLib/OUTPUT/PeiReportStatusCodeLib.lib
/media/sf_VirtualBoxShare/UEFI/Build/OvmfX64/RELEASE_GCC5/X64/OvmfPkg/Library/LockBoxLib/LockBoxBaseLib/OUTPUT/LockBoxBaseLib.lib
/media/sf_VirtualBoxShare/UEFI/Build/OvmfX64/RELEASE_GCC5/X64/UefiCpuPkg/Library/MtrrLib/MtrrLib/OUTPUT/MtrrLib.lib
/media/sf_VirtualBoxShare/UEFI/Build/OvmfX64/RELEASE_GCC5/X64/MdePkg/Library/StackCheckLibNull/StackCheckLibNull/OUTPUT/StackCheckLibNull.lib