/media/sf_VirtualBoxShare/UEFI/Build/OvmfX64/RELEASE_GCC5/X64/MdeModulePkg/Universal/Acpi/S3SaveStateDxe/S3SaveStateDxe/OUTPUT/S3SaveStateDxe.lib
/media/sf_VirtualBoxShare/UEFI/Build/OvmfX64/RELEASE_GCC5/X64/MdePkg/Library/RegisterFilterLibNull/RegisterFilterLibNull/OUTPUT/FilterLibNull.lib
/media/sf_VirtualBoxShare/UEFI/Build/OvmfX64/RELEASE_GCC5/X64/MdePkg/Library/DxePcdLib/DxePcdLib/OUTPUT/DxePcdLib.lib
/media/sf_VirtualBoxShare/UEFI/Build/OvmfX64/RELEASE_GCC5/X64/MdePkg/Library/BaseLib/BaseLib/OUTPUT/BaseLib.lib
/media/sf_VirtualBoxShare/UEFI/Build/OvmfX64/RELEASE_GCC5/X64/MdePkg/Library/BaseMemoryLibRepStr/BaseMemoryLibRepStr/OUTPUT/BaseMemoryLibRepStr.lib
/media/sf_VirtualBoxShare/UEFI/Build/OvmfX64/RELEASE_GCC5/X64/MdePkg/Library/TdxLib/TdxLib/OUTPUT/TdxLib.lib
/media/sf_VirtualBoxShare/UEFI/Build/OvmfX64/RELEASE_GCC5/X64/MdePkg/Library/BaseDebugPrintErrorLevelLib/BaseDebugPrintErrorLevelLib/OUTPUT/BaseDebugPrintErrorLevelLib.lib
/media/sf_VirtualBoxShare/UEFI/Build/OvmfX64/RELEASE_GCC5/X64/MdePkg/Library/BaseIoLibIntrinsic/BaseIoLibIntrinsicSev/OUTPUT/BaseIoLibIntrinsicSev.lib
/media/sf_VirtualBoxShare/UEFI/Build/OvmfX64/RELEASE_GCC5/X64/MdePkg/Library/BasePrintLib/BasePrintLib/OUTPUT/BasePrintLib.lib
/media/sf_VirtualBoxShare/UEFI/Build/OvmfX64/RELEASE_GCC5/X64/OvmfPkg/Library/PlatformDebugLibIoPort/PlatformDebugLibIoPort/OUTPUT/PlatformDebugLibIoPort.lib
/media/sf_VirtualBoxShare/UEFI/Build/OvmfX64/RELEASE_GCC5/X64/OvmfPkg/Library/CcProbeLib/DxeCcProbeLib/OUTPUT/DxeCcProbeLib.lib
/media/sf_VirtualBoxShare/UEFI/Build/OvmfX64/RELEASE_GCC5/X64/MdePkg/Library/UefiBootServicesTableLib/UefiBootServicesTableLib/OUTPUT/UefiBootServicesTableLib.lib
/media/sf_VirtualBoxShare/UEFI/Build/OvmfX64/RELEASE_GCC5/X64/MdePkg/Library/UefiMemoryAllocationLib/UefiMemoryAllocationLib/OUTPUT/UefiMemoryAllocationLib.lib
/media/sf_VirtualBoxShare/UEFI/Build/OvmfX64/RELEASE_GCC5/X64/MdePkg/Library/UefiRuntimeServicesTableLib/UefiRuntimeServicesTableLib/OUTPUT/UefiRuntimeServicesTableLib.lib
/media/sf_VirtualBoxShare/UEFI/Build/OvmfX64/RELEASE_GCC5/X64/MdePkg/Library/UefiDevicePathLibDevicePathProtocol/UefiDevicePathLibDevicePathProtocol/OUTPUT/UefiDevicePathLibDevicePathProtocol.lib
/media/sf_VirtualBoxShare/UEFI/Build/OvmfX64/RELEASE_GCC5/X64/MdePkg/Library/BasePciExpressLib/BasePciExpressLib/OUTPUT/BasePciExpressLib.lib
/media/sf_VirtualBoxShare/UEFI/Build/OvmfX64/RELEASE_GCC5/X64/MdePkg/Library/BasePciCf8Lib/BasePciCf8Lib/OUTPUT/BasePciCf8Lib.lib
/media/sf_VirtualBoxShare/UEFI/Build/OvmfX64/RELEASE_GCC5/X64/MdePkg/Library/UefiLib/UefiLib/OUTPUT/UefiLib.lib
/media/sf_VirtualBoxShare/UEFI/Build/OvmfX64/RELEASE_GCC5/X64/OvmfPkg/Library/DxePciLibI440FxQ35/DxePciLibI440FxQ35/OUTPUT/DxePciLibI440FxQ35.lib
/media/sf_VirtualBoxShare/UEFI/Build/OvmfX64/RELEASE_GCC5/X64/MdePkg/Library/DxeHobLib/DxeHobLib/OUTPUT/DxeHobLib.lib
/media/sf_VirtualBoxShare/UEFI/Build/OvmfX64/RELEASE_GCC5/X64/MdePkg/Library/BasePciSegmentLibPci/BasePciSegmentLibPci/OUTPUT/BasePciSegmentLibPci.lib
/media/sf_VirtualBoxShare/UEFI/Build/OvmfX64/RELEASE_GCC5/X64/MdePkg/Library/BaseSmbusLibNull/BaseSmbusLibNull/OUTPUT/BaseSmbusLibNull.lib
/media/sf_VirtualBoxShare/UEFI/Build/OvmfX64/RELEASE_GCC5/X64/OvmfPkg/Library/AcpiTimerLib/DxeAcpiTimerLib/OUTPUT/DxeAcpiTimerLib.lib
/media/sf_VirtualBoxShare/UEFI/Build/OvmfX64/RELEASE_GCC5/X64/OvmfPkg/Library/LockBoxLib/LockBoxDxeLib/OUTPUT/LockBoxDxeLib.lib
/media/sf_VirtualBoxShare/UEFI/Build/OvmfX64/RELEASE_GCC5/X64/MdePkg/Library/UefiDriverEntryPoint/UefiDriverEntryPoint/OUTPUT/UefiDriverEntryPoint.lib
/media/sf_VirtualBoxShare/UEFI/Build/OvmfX64/RELEASE_GCC5/X64/MdeModulePkg/Library/PiDxeS3BootScriptLib/DxeS3BootScriptLib/OUTPUT/DxeS3BootScriptLib.lib
/media/sf_VirtualBoxShare/UEFI/Build/OvmfX64/RELEASE_GCC5/X64/MdePkg/Library/StackCheckLibNull/StackCheckLibNull/OUTPUT/StackCheckLibNull.lib