/media/sf_VirtualBoxShare/UEFI/Build/OvmfX64/RELEASE_GCC5/X64/OvmfPkg/Tcg/TdTcg2Dxe/TdTcg2Dxe/OUTPUT/TdTcg2Dxe.lib
/media/sf_VirtualBoxShare/UEFI/Build/OvmfX64/RELEASE_GCC5/X64/MdePkg/Library/RegisterFilterLibNull/RegisterFilterLibNull/OUTPUT/FilterLibNull.lib
/media/sf_VirtualBoxShare/UEFI/Build/OvmfX64/RELEASE_GCC5/X64/MdePkg/Library/DxePcdLib/DxePcdLib/OUTPUT/DxePcdLib.lib
/media/sf_VirtualBoxShare/UEFI/Build/OvmfX64/RELEASE_GCC5/X64/MdePkg/Library/BaseMemoryLibRepStr/BaseMemoryLibRepStr/OUTPUT/BaseMemoryLibRepStr.lib
/media/sf_VirtualBoxShare/UEFI/Build/OvmfX64/RELEASE_GCC5/X64/MdePkg/Library/BaseLib/BaseLib/OUTPUT/BaseLib.lib
/media/sf_VirtualBoxShare/UEFI/Build/OvmfX64/RELEASE_GCC5/X64/MdePkg/Library/TdxLib/TdxLib/OUTPUT/TdxLib.lib
/media/sf_VirtualBoxShare/UEFI/Build/OvmfX64/RELEASE_GCC5/X64/MdePkg/Library/BaseDebugPrintErrorLevelLib/BaseDebugPrintErrorLevelLib/OUTPUT/BaseDebugPrintErrorLevelLib.lib
/media/sf_VirtualBoxShare/UEFI/Build/OvmfX64/RELEASE_GCC5/X64/MdePkg/Library/BaseIoLibIntrinsic/BaseIoLibIntrinsicSev/OUTPUT/BaseIoLibIntrinsicSev.lib
/media/sf_VirtualBoxShare/UEFI/Build/OvmfX64/RELEASE_GCC5/X64/MdePkg/Library/BasePrintLib/BasePrintLib/OUTPUT/BasePrintLib.lib
/media/sf_VirtualBoxShare/UEFI/Build/OvmfX64/RELEASE_GCC5/X64/OvmfPkg/Library/PlatformDebugLibIoPort/PlatformDebugLibIoPort/OUTPUT/PlatformDebugLibIoPort.lib
/media/sf_VirtualBoxShare/UEFI/Build/OvmfX64/RELEASE_GCC5/X64/OvmfPkg/Library/CcProbeLib/DxeCcProbeLib/OUTPUT/DxeCcProbeLib.lib
/media/sf_VirtualBoxShare/UEFI/Build/OvmfX64/RELEASE_GCC5/X64/MdePkg/Library/UefiBootServicesTableLib/UefiBootServicesTableLib/OUTPUT/UefiBootServicesTableLib.lib
/media/sf_VirtualBoxShare/UEFI/Build/OvmfX64/RELEASE_GCC5/X64/MdePkg/Library/UefiMemoryAllocationLib/UefiMemoryAllocationLib/OUTPUT/UefiMemoryAllocationLib.lib
/media/sf_VirtualBoxShare/UEFI/Build/OvmfX64/RELEASE_GCC5/X64/MdePkg/Library/UefiDevicePathLibDevicePathProtocol/UefiDevicePathLibDevicePathProtocol/OUTPUT/UefiDevicePathLibDevicePathProtocol.lib
/media/sf_VirtualBoxShare/UEFI/Build/OvmfX64/RELEASE_GCC5/X64/MdePkg/Library/UefiRuntimeServicesTableLib/UefiRuntimeServicesTableLib/OUTPUT/UefiRuntimeServicesTableLib.lib
/media/sf_VirtualBoxShare/UEFI/Build/OvmfX64/RELEASE_GCC5/X64/MdePkg/Library/BasePciExpressLib/BasePciExpressLib/OUTPUT/BasePciExpressLib.lib
/media/sf_VirtualBoxShare/UEFI/Build/OvmfX64/RELEASE_GCC5/X64/MdePkg/Library/BasePciCf8Lib/BasePciCf8Lib/OUTPUT/BasePciCf8Lib.lib
/media/sf_VirtualBoxShare/UEFI/Build/OvmfX64/RELEASE_GCC5/X64/MdePkg/Library/UefiLib/UefiLib/OUTPUT/UefiLib.lib
/media/sf_VirtualBoxShare/UEFI/Build/OvmfX64/RELEASE_GCC5/X64/OvmfPkg/Library/DxePciLibI440FxQ35/DxePciLibI440FxQ35/OUTPUT/DxePciLibI440FxQ35.lib
/media/sf_VirtualBoxShare/UEFI/Build/OvmfX64/RELEASE_GCC5/X64/MdePkg/Library/DxeHobLib/DxeHobLib/OUTPUT/DxeHobLib.lib
/media/sf_VirtualBoxShare/UEFI/Build/OvmfX64/RELEASE_GCC5/X64/OvmfPkg/Library/AcpiTimerLib/DxeAcpiTimerLib/OUTPUT/DxeAcpiTimerLib.lib
/media/sf_VirtualBoxShare/UEFI/Build/OvmfX64/RELEASE_GCC5/X64/MdeModulePkg/Library/BaseRngLibTimerLib/BaseRngLibTimerLib/OUTPUT/BaseRngLibTimerLib.lib
/media/sf_VirtualBoxShare/UEFI/Build/OvmfX64/RELEASE_GCC5/X64/MdePkg/Library/BaseSynchronizationLib/BaseSynchronizationLib/OUTPUT/BaseSynchronizationLib.lib
/media/sf_VirtualBoxShare/UEFI/Build/OvmfX64/RELEASE_GCC5/X64/CryptoPkg/Library/IntrinsicLib/IntrinsicLib/OUTPUT/BaseIntrinsicLib.lib
/media/sf_VirtualBoxShare/UEFI/Build/OvmfX64/RELEASE_GCC5/X64/CryptoPkg/Library/OpensslLib/OpensslLibCrypto/OUTPUT/OpensslLibCrypto.lib
/media/sf_VirtualBoxShare/UEFI/Build/OvmfX64/RELEASE_GCC5/X64/MdePkg/Library/BasePeCoffExtraActionLibNull/BasePeCoffExtraActionLibNull/OUTPUT/PeCoffExtraActionLibNull.lib
/media/sf_VirtualBoxShare/UEFI/Build/OvmfX64/RELEASE_GCC5/X64/CryptoPkg/Library/BaseCryptLib/BaseCryptLib/OUTPUT/BaseCryptLib.lib
/media/sf_VirtualBoxShare/UEFI/Build/OvmfX64/RELEASE_GCC5/X64/MdePkg/Library/UefiDriverEntryPoint/UefiDriverEntryPoint/OUTPUT/UefiDriverEntryPoint.lib
/media/sf_VirtualBoxShare/UEFI/Build/OvmfX64/RELEASE_GCC5/X64/OvmfPkg/Library/HashLibTdx/HashLibTdx/OUTPUT/HashLibTdx.lib
/media/sf_VirtualBoxShare/UEFI/Build/OvmfX64/RELEASE_GCC5/X64/MdePkg/Library/BasePerformanceLibNull/BasePerformanceLibNull/OUTPUT/BasePerformanceLibNull.lib
/media/sf_VirtualBoxShare/UEFI/Build/OvmfX64/RELEASE_GCC5/X64/MdeModulePkg/Library/DxeReportStatusCodeLib/DxeReportStatusCodeLib/OUTPUT/DxeReportStatusCodeLib.lib
/media/sf_VirtualBoxShare/UEFI/Build/OvmfX64/RELEASE_GCC5/X64/MdePkg/Library/BasePeCoffLib/BasePeCoffLib/OUTPUT/BasePeCoffLib.lib
/media/sf_VirtualBoxShare/UEFI/Build/OvmfX64/RELEASE_GCC5/X64/SecurityPkg/Library/DxeTpmMeasurementLib/DxeTpmMeasurementLib/OUTPUT/DxeTpmMeasurementLib.lib
/media/sf_VirtualBoxShare/UEFI/Build/OvmfX64/RELEASE_GCC5/X64/OvmfPkg/IntelTdx/TdxMeasurementLib/DxeTdxMeasurementLib/OUTPUT/DxeTdxMeasurementLib.lib
/media/sf_VirtualBoxShare/UEFI/Build/OvmfX64/RELEASE_GCC5/X64/MdePkg/Library/StackCheckLibNull/StackCheckLibNull/OUTPUT/StackCheckLibNull.lib
/media/sf_VirtualBoxShare/UEFI/Build/OvmfX64/RELEASE_GCC5/X64/SecurityPkg/Library/HashInstanceLibSha384/HashInstanceLibSha384/OUTPUT/HashInstanceLibSha384.lib